2025-04-20 14:36:24 [main] INFO  BaseClass - config.properties file loaded
2025-04-20 14:36:28 [main] INFO  BaseClass - ChromeDriver Instance is created.
2025-04-20 14:36:35 [main] INFO  BaseClass - webdriver is initalized
2025-04-20 14:36:35 [main] TRACE BaseClass - This is a Trace message
2025-04-20 14:36:35 [main] DEBUG BaseClass - This is a debug message
2025-04-20 14:36:35 [main] WARN  BaseClass - This is a warm message
2025-04-20 14:36:38 [main] INFO  BaseClass - ChromeDriver Instance is created.
2025-04-20 14:36:44 [main] INFO  BaseClass - webdriver is initalized
2025-04-20 14:36:44 [main] TRACE BaseClass - This is a Trace message
2025-04-20 14:36:44 [main] DEBUG BaseClass - This is a debug message
2025-04-20 14:36:44 [main] WARN  BaseClass - This is a warm message
2025-04-20 14:36:44 [main] INFO  ActionDriver - clicked an element
2025-04-20 14:36:46 [main] INFO  ActionDriver - Texts are matching:Invalid credentials not equalsInvalid credentials1
2025-04-20 14:36:48 [main] INFO  BaseClass - ChromeDriver Instance is created.
2025-04-20 14:36:54 [main] INFO  BaseClass - webdriver is initalized
2025-04-20 14:36:54 [main] TRACE BaseClass - This is a Trace message
2025-04-20 14:36:54 [main] DEBUG BaseClass - This is a debug message
2025-04-20 14:36:54 [main] WARN  BaseClass - This is a warm message
2025-04-20 14:36:55 [main] INFO  ActionDriver - clicked an element
2025-04-20 14:36:57 [main] INFO  ActionDriver - clicked an element
2025-04-20 14:36:59 [main] INFO  ActionDriver - clicked an element
2025-04-20 15:06:36 [main] INFO  BaseClass - config.properties file loaded
2025-04-20 15:06:38 [main] INFO  BaseClass - ChromeDriver Instance is created.
2025-04-20 15:06:45 [main] INFO  BaseClass - webdriver is initalized
2025-04-20 15:06:45 [main] TRACE BaseClass - This is a Trace message
2025-04-20 15:06:45 [main] DEBUG BaseClass - This is a debug message
2025-04-20 15:06:45 [main] WARN  BaseClass - This is a warm message
2025-04-20 15:06:45 [main] INFO  ActionDriver - Entered text on Element with name: username-->admim
2025-04-20 15:06:45 [main] INFO  ActionDriver - Entered text on Element with name: password-->admin
2025-04-20 15:06:46 [main] INFO  ActionDriver - clicked an element-->Element with text: Login
2025-04-20 15:06:47 [main] INFO  ActionDriver - Texts are matching:Invalid credentials not equalsInvalid credentials1
2025-04-20 15:06:49 [main] INFO  BaseClass - ChromeDriver Instance is created.
2025-04-20 15:06:55 [main] INFO  BaseClass - webdriver is initalized
2025-04-20 15:06:55 [main] TRACE BaseClass - This is a Trace message
2025-04-20 15:06:55 [main] DEBUG BaseClass - This is a debug message
2025-04-20 15:06:55 [main] WARN  BaseClass - This is a warm message
2025-04-20 15:06:55 [main] INFO  ActionDriver - Entered text on Element with name: username-->Admin
2025-04-20 15:06:55 [main] INFO  ActionDriver - Entered text on Element with name: password-->admin123
2025-04-20 15:06:56 [main] INFO  ActionDriver - clicked an element-->Element with text: Login
2025-04-20 15:06:58 [main] INFO  ActionDriver - Element is displayed Element with text: Admin
2025-04-20 15:06:58 [main] INFO  ActionDriver - clicked an element-->Element with text: John Doe
2025-04-20 15:07:00 [main] INFO  ActionDriver - clicked an element-->Element located using: By.xpath: //a[text()='Logout']
2025-04-20 16:29:29 [main] INFO  BaseClass - config.properties file loaded
2025-04-20 16:29:33 [main] INFO  BaseClass - ChromeDriver Instance is created.
2025-04-20 16:29:43 [main] INFO  BaseClass - webdriver is initalized
2025-04-20 16:29:43 [main] TRACE BaseClass - This is a Trace message
2025-04-20 16:29:43 [main] DEBUG BaseClass - This is a debug message
2025-04-20 16:29:43 [main] WARN  BaseClass - This is a warm message
2025-04-20 16:29:43 [main] INFO  BaseClass - ActionDriver initlialized for thread: 1
2025-04-20 16:29:44 [main] INFO  BaseClass - WebDriver instance is closed.
2025-04-20 16:29:46 [main] INFO  BaseClass - ChromeDriver Instance is created.
2025-04-20 16:29:51 [main] INFO  BaseClass - webdriver is initalized
2025-04-20 16:29:51 [main] TRACE BaseClass - This is a Trace message
2025-04-20 16:29:51 [main] DEBUG BaseClass - This is a debug message
2025-04-20 16:29:51 [main] WARN  BaseClass - This is a warm message
2025-04-20 16:29:51 [main] INFO  BaseClass - ActionDriver initlialized for thread: 1
2025-04-20 16:29:52 [main] INFO  BaseClass - WebDriver instance is closed.
2025-04-20 16:29:54 [main] INFO  BaseClass - ChromeDriver Instance is created.
2025-04-20 16:29:59 [main] INFO  BaseClass - webdriver is initalized
2025-04-20 16:29:59 [main] TRACE BaseClass - This is a Trace message
2025-04-20 16:29:59 [main] DEBUG BaseClass - This is a debug message
2025-04-20 16:29:59 [main] WARN  BaseClass - This is a warm message
2025-04-20 16:29:59 [main] INFO  BaseClass - ActionDriver initlialized for thread: 1
2025-04-20 16:29:59 [main] INFO  ActionDriver - Entered text on Element with name: username-->admim
2025-04-20 16:30:00 [main] INFO  ActionDriver - Entered text on Element with name: password-->admin
2025-04-20 16:30:00 [main] INFO  ActionDriver - clicked an element-->Element with text: Login
2025-04-20 16:30:01 [main] INFO  ActionDriver - Texts are matching:Invalid credentials equalsInvalid credentials
2025-04-20 16:30:02 [main] INFO  BaseClass - WebDriver instance is closed.
2025-04-20 16:30:03 [main] INFO  BaseClass - ChromeDriver Instance is created.
2025-04-20 16:30:10 [main] INFO  BaseClass - webdriver is initalized
2025-04-20 16:30:10 [main] TRACE BaseClass - This is a Trace message
2025-04-20 16:30:10 [main] DEBUG BaseClass - This is a debug message
2025-04-20 16:30:10 [main] WARN  BaseClass - This is a warm message
2025-04-20 16:30:10 [main] INFO  BaseClass - ActionDriver initlialized for thread: 1
2025-04-20 16:30:10 [main] INFO  ActionDriver - Entered text on Element with name: username-->Admin
2025-04-20 16:30:10 [main] INFO  ActionDriver - Entered text on Element with name: password-->admin123
2025-04-20 16:30:10 [main] INFO  ActionDriver - clicked an element-->Element with text: Login
2025-04-20 16:30:12 [main] INFO  ActionDriver - Element is displayed Element with text: Admin
2025-04-20 16:30:12 [main] INFO  ActionDriver - clicked an element-->Element with text: Thang Doe
2025-04-20 16:30:14 [main] INFO  ActionDriver - clicked an element-->Element located using: By.xpath: //a[text()='Logout']
2025-04-20 16:30:18 [main] INFO  BaseClass - WebDriver instance is closed.
2025-04-20 16:30:19 [main] INFO  BaseClass - ChromeDriver Instance is created.
2025-04-20 16:30:24 [main] INFO  BaseClass - webdriver is initalized
2025-04-20 16:30:24 [main] TRACE BaseClass - This is a Trace message
2025-04-20 16:30:24 [main] DEBUG BaseClass - This is a debug message
2025-04-20 16:30:24 [main] WARN  BaseClass - This is a warm message
2025-04-20 16:30:24 [main] INFO  BaseClass - ActionDriver initlialized for thread: 1
2025-04-20 16:30:24 [main] INFO  ActionDriver - Entered text on Element with name: username-->admin
2025-04-20 16:30:24 [main] INFO  ActionDriver - Entered text on Element with name: password-->admin123
2025-04-20 16:30:25 [main] INFO  ActionDriver - clicked an element-->Element with text: Login
2025-04-20 16:30:26 [main] INFO  ActionDriver - Element is displayed Element located using: By.xpath: //div[@class='oxd-brand-banner']//img
2025-04-20 16:30:27 [main] INFO  BaseClass - WebDriver instance is closed.
2025-04-20 16:32:24 [main] INFO  BaseClass - config.properties file loaded
2025-04-20 16:32:26 [main] INFO  BaseClass - ChromeDriver Instance is created.
2025-04-20 16:32:31 [main] INFO  BaseClass - webdriver is initalized
2025-04-20 16:32:31 [main] TRACE BaseClass - This is a Trace message
2025-04-20 16:32:31 [main] DEBUG BaseClass - This is a debug message
2025-04-20 16:32:31 [main] WARN  BaseClass - This is a warm message
2025-04-20 16:32:31 [main] INFO  BaseClass - ActionDriver initlialized for thread: 1
2025-04-20 16:32:32 [main] INFO  BaseClass - WebDriver instance is closed.
2025-04-20 16:32:33 [main] INFO  BaseClass - ChromeDriver Instance is created.
2025-04-20 16:32:39 [main] INFO  BaseClass - webdriver is initalized
2025-04-20 16:32:39 [main] TRACE BaseClass - This is a Trace message
2025-04-20 16:32:39 [main] DEBUG BaseClass - This is a debug message
2025-04-20 16:32:39 [main] WARN  BaseClass - This is a warm message
2025-04-20 16:32:39 [main] INFO  BaseClass - ActionDriver initlialized for thread: 1
2025-04-20 16:32:40 [main] INFO  BaseClass - WebDriver instance is closed.
2025-04-20 16:32:41 [main] INFO  BaseClass - ChromeDriver Instance is created.
2025-04-20 16:32:47 [main] INFO  BaseClass - webdriver is initalized
2025-04-20 16:32:47 [main] TRACE BaseClass - This is a Trace message
2025-04-20 16:32:47 [main] DEBUG BaseClass - This is a debug message
2025-04-20 16:32:47 [main] WARN  BaseClass - This is a warm message
2025-04-20 16:32:47 [main] INFO  BaseClass - ActionDriver initlialized for thread: 1
2025-04-20 16:32:47 [main] INFO  ActionDriver - Entered text on Element with name: username-->admim
2025-04-20 16:32:47 [main] INFO  ActionDriver - Entered text on Element with name: password-->admin
2025-04-20 16:32:47 [main] INFO  ActionDriver - clicked an element-->Element with text: Login
2025-04-20 16:32:48 [main] INFO  ActionDriver - Texts are matching:Invalid credentials equalsInvalid credentials
2025-04-20 16:32:49 [main] INFO  BaseClass - WebDriver instance is closed.
2025-04-20 16:32:50 [main] INFO  BaseClass - ChromeDriver Instance is created.
2025-04-20 16:32:56 [main] INFO  BaseClass - webdriver is initalized
2025-04-20 16:32:56 [main] TRACE BaseClass - This is a Trace message
2025-04-20 16:32:56 [main] DEBUG BaseClass - This is a debug message
2025-04-20 16:32:56 [main] WARN  BaseClass - This is a warm message
2025-04-20 16:32:56 [main] INFO  BaseClass - ActionDriver initlialized for thread: 1
2025-04-20 16:32:57 [main] INFO  ActionDriver - Entered text on Element with name: username-->Admin
2025-04-20 16:32:57 [main] INFO  ActionDriver - Entered text on Element with name: password-->admin123
2025-04-20 16:32:57 [main] INFO  ActionDriver - clicked an element-->Element with text: Login
2025-04-20 16:32:58 [main] INFO  ActionDriver - Element is displayed Element with text: Admin
2025-04-20 16:32:58 [main] INFO  ActionDriver - clicked an element-->Element with text: Thang Doe
2025-04-20 16:33:01 [main] INFO  ActionDriver - clicked an element-->Element located using: By.xpath: //a[text()='Logout']
2025-04-20 16:33:05 [main] INFO  BaseClass - WebDriver instance is closed.
2025-04-20 16:33:06 [main] INFO  BaseClass - ChromeDriver Instance is created.
2025-04-20 16:33:12 [main] INFO  BaseClass - webdriver is initalized
2025-04-20 16:33:12 [main] TRACE BaseClass - This is a Trace message
2025-04-20 16:33:12 [main] DEBUG BaseClass - This is a debug message
2025-04-20 16:33:12 [main] WARN  BaseClass - This is a warm message
2025-04-20 16:33:12 [main] INFO  BaseClass - ActionDriver initlialized for thread: 1
2025-04-20 16:33:12 [main] INFO  ActionDriver - Entered text on Element with name: username-->admin
2025-04-20 16:33:12 [main] INFO  ActionDriver - Entered text on Element with name: password-->admin123
2025-04-20 16:33:12 [main] INFO  ActionDriver - clicked an element-->Element with text: Login
2025-04-20 16:33:13 [main] INFO  ActionDriver - Element is displayed Element located using: By.xpath: //div[@class='oxd-brand-banner']//img
2025-04-20 16:33:14 [main] INFO  BaseClass - WebDriver instance is closed.
2025-04-20 16:50:40 [main] INFO  BaseClass - config.properties file loaded
2025-04-20 16:50:43 [TestNG-test=OrangeHRMTest-2] INFO  BaseClass - ChromeDriver Instance is created.
2025-04-20 16:50:43 [TestNG-test=OrangeHRMTest-1] INFO  BaseClass - ChromeDriver Instance is created.
2025-04-20 16:50:43 [TestNG-test=OrangeHRMTest-4] INFO  BaseClass - ChromeDriver Instance is created.
2025-04-20 16:50:43 [TestNG-test=OrangeHRMTest-3] INFO  BaseClass - ChromeDriver Instance is created.
2025-04-20 16:50:49 [TestNG-test=OrangeHRMTest-3] INFO  BaseClass - webdriver is initalized
2025-04-20 16:50:49 [TestNG-test=OrangeHRMTest-1] INFO  BaseClass - webdriver is initalized
2025-04-20 16:50:49 [TestNG-test=OrangeHRMTest-4] INFO  BaseClass - webdriver is initalized
2025-04-20 16:50:49 [TestNG-test=OrangeHRMTest-3] TRACE BaseClass - This is a Trace message
2025-04-20 16:50:49 [TestNG-test=OrangeHRMTest-1] TRACE BaseClass - This is a Trace message
2025-04-20 16:50:49 [TestNG-test=OrangeHRMTest-4] TRACE BaseClass - This is a Trace message
2025-04-20 16:50:49 [TestNG-test=OrangeHRMTest-4] DEBUG BaseClass - This is a debug message
2025-04-20 16:50:49 [TestNG-test=OrangeHRMTest-1] DEBUG BaseClass - This is a debug message
2025-04-20 16:50:49 [TestNG-test=OrangeHRMTest-3] DEBUG BaseClass - This is a debug message
2025-04-20 16:50:49 [TestNG-test=OrangeHRMTest-4] WARN  BaseClass - This is a warm message
2025-04-20 16:50:49 [TestNG-test=OrangeHRMTest-1] WARN  BaseClass - This is a warm message
2025-04-20 16:50:49 [TestNG-test=OrangeHRMTest-3] WARN  BaseClass - This is a warm message
2025-04-20 16:50:49 [TestNG-test=OrangeHRMTest-1] INFO  BaseClass - ActionDriver initlialized for thread: 23
2025-04-20 16:50:49 [TestNG-test=OrangeHRMTest-4] INFO  BaseClass - ActionDriver initlialized for thread: 26
2025-04-20 16:50:49 [TestNG-test=OrangeHRMTest-3] INFO  BaseClass - ActionDriver initlialized for thread: 25
2025-04-20 16:50:49 [TestNG-test=OrangeHRMTest-2] INFO  BaseClass - webdriver is initalized
2025-04-20 16:50:49 [TestNG-test=OrangeHRMTest-2] TRACE BaseClass - This is a Trace message
2025-04-20 16:50:49 [TestNG-test=OrangeHRMTest-2] DEBUG BaseClass - This is a debug message
2025-04-20 16:50:49 [TestNG-test=OrangeHRMTest-2] WARN  BaseClass - This is a warm message
2025-04-20 16:50:49 [TestNG-test=OrangeHRMTest-2] INFO  BaseClass - ActionDriver initlialized for thread: 24
2025-04-20 16:50:49 [TestNG-test=OrangeHRMTest-4] INFO  ActionDriver - Entered text on Element with name: username-->admin
2025-04-20 16:50:49 [TestNG-test=OrangeHRMTest-3] INFO  ActionDriver - Entered text on Element with name: username-->admim
2025-04-20 16:50:49 [TestNG-test=OrangeHRMTest-4] INFO  ActionDriver - Entered text on Element with name: password-->admin123
2025-04-20 16:50:49 [TestNG-test=OrangeHRMTest-3] INFO  ActionDriver - Entered text on Element with name: password-->admin
2025-04-20 16:50:49 [TestNG-test=OrangeHRMTest-3] INFO  ActionDriver - clicked an element-->Element with text: Login
2025-04-20 16:50:50 [TestNG-test=OrangeHRMTest-2] INFO  BaseClass - WebDriver instance is closed.
2025-04-20 16:50:50 [TestNG-test=OrangeHRMTest-1] INFO  BaseClass - WebDriver instance is closed.
2025-04-20 16:50:50 [TestNG-test=OrangeHRMTest-4] INFO  ActionDriver - clicked an element-->Element with text: Login
2025-04-20 16:50:50 [TestNG-test=OrangeHRMTest-3] INFO  ActionDriver - Texts are matching:Invalid credentials equalsInvalid credentials
2025-04-20 16:50:51 [TestNG-test=OrangeHRMTest-4] INFO  ActionDriver - Element is displayed Element located using: By.xpath: //div[@class='oxd-brand-banner']//img
2025-04-20 16:50:51 [TestNG-test=OrangeHRMTest-4] INFO  BaseClass - WebDriver instance is closed.
2025-04-20 16:50:51 [TestNG-test=OrangeHRMTest-3] INFO  BaseClass - WebDriver instance is closed.
2025-04-20 16:50:53 [TestNG-test=OrangeHRMTest-3] INFO  BaseClass - ChromeDriver Instance is created.
2025-04-20 16:50:59 [TestNG-test=OrangeHRMTest-3] INFO  BaseClass - webdriver is initalized
2025-04-20 16:50:59 [TestNG-test=OrangeHRMTest-3] TRACE BaseClass - This is a Trace message
2025-04-20 16:50:59 [TestNG-test=OrangeHRMTest-3] DEBUG BaseClass - This is a debug message
2025-04-20 16:50:59 [TestNG-test=OrangeHRMTest-3] WARN  BaseClass - This is a warm message
2025-04-20 16:50:59 [TestNG-test=OrangeHRMTest-3] INFO  BaseClass - ActionDriver initlialized for thread: 25
2025-04-20 16:50:59 [TestNG-test=OrangeHRMTest-3] INFO  ActionDriver - Entered text on Element with name: username-->Admin
2025-04-20 16:50:59 [TestNG-test=OrangeHRMTest-3] INFO  ActionDriver - Entered text on Element with name: password-->admin123
2025-04-20 16:50:59 [TestNG-test=OrangeHRMTest-3] INFO  ActionDriver - clicked an element-->Element with text: Login
2025-04-20 16:51:01 [TestNG-test=OrangeHRMTest-3] INFO  ActionDriver - Element is displayed Element with text: Admin
2025-04-20 16:51:01 [TestNG-test=OrangeHRMTest-3] INFO  ActionDriver - clicked an element-->Element with text: Thang# Doe
2025-04-20 16:51:02 [TestNG-test=OrangeHRMTest-3] INFO  ActionDriver - clicked an element-->Element located using: By.xpath: //a[text()='Logout']
2025-04-20 16:51:06 [TestNG-test=OrangeHRMTest-3] INFO  BaseClass - WebDriver instance is closed.
2025-04-20 16:51:36 [main] INFO  BaseClass - config.properties file loaded
2025-04-20 16:51:38 [TestNG-tests-1] INFO  BaseClass - ChromeDriver Instance is created.
2025-04-20 16:51:46 [TestNG-tests-1] INFO  BaseClass - webdriver is initalized
2025-04-20 16:51:46 [TestNG-tests-1] TRACE BaseClass - This is a Trace message
2025-04-20 16:51:46 [TestNG-tests-1] DEBUG BaseClass - This is a debug message
2025-04-20 16:51:46 [TestNG-tests-1] WARN  BaseClass - This is a warm message
2025-04-20 16:51:46 [TestNG-tests-1] INFO  BaseClass - ActionDriver initlialized for thread: 22
2025-04-20 16:51:47 [TestNG-tests-1] INFO  BaseClass - WebDriver instance is closed.
2025-04-20 16:51:48 [TestNG-tests-1] INFO  BaseClass - ChromeDriver Instance is created.
2025-04-20 16:51:54 [TestNG-tests-1] INFO  BaseClass - webdriver is initalized
2025-04-20 16:51:54 [TestNG-tests-1] TRACE BaseClass - This is a Trace message
2025-04-20 16:51:54 [TestNG-tests-1] DEBUG BaseClass - This is a debug message
2025-04-20 16:51:54 [TestNG-tests-1] WARN  BaseClass - This is a warm message
2025-04-20 16:51:54 [TestNG-tests-1] INFO  BaseClass - ActionDriver initlialized for thread: 22
2025-04-20 16:51:55 [TestNG-tests-1] INFO  BaseClass - WebDriver instance is closed.
2025-04-20 16:51:57 [TestNG-tests-1] INFO  BaseClass - ChromeDriver Instance is created.
2025-04-20 16:52:02 [TestNG-tests-1] INFO  BaseClass - webdriver is initalized
2025-04-20 16:52:02 [TestNG-tests-1] TRACE BaseClass - This is a Trace message
2025-04-20 16:52:02 [TestNG-tests-1] DEBUG BaseClass - This is a debug message
2025-04-20 16:52:02 [TestNG-tests-1] WARN  BaseClass - This is a warm message
2025-04-20 16:52:02 [TestNG-tests-1] INFO  BaseClass - ActionDriver initlialized for thread: 22
2025-04-20 16:52:03 [TestNG-tests-1] INFO  ActionDriver - Entered text on Element with name: username-->admim
2025-04-20 16:52:03 [TestNG-tests-1] INFO  ActionDriver - Entered text on Element with name: password-->admin
2025-04-20 16:52:03 [TestNG-tests-1] INFO  ActionDriver - clicked an element-->Element with text: Login
2025-04-20 16:52:04 [TestNG-tests-1] INFO  ActionDriver - Texts are matching:Invalid credentials equalsInvalid credentials
2025-04-20 16:52:05 [TestNG-tests-1] INFO  BaseClass - WebDriver instance is closed.
2025-04-20 16:52:06 [TestNG-tests-1] INFO  BaseClass - ChromeDriver Instance is created.
2025-04-20 16:52:12 [TestNG-tests-1] INFO  BaseClass - webdriver is initalized
2025-04-20 16:52:12 [TestNG-tests-1] TRACE BaseClass - This is a Trace message
2025-04-20 16:52:12 [TestNG-tests-1] DEBUG BaseClass - This is a debug message
2025-04-20 16:52:12 [TestNG-tests-1] WARN  BaseClass - This is a warm message
2025-04-20 16:52:12 [TestNG-tests-1] INFO  BaseClass - ActionDriver initlialized for thread: 22
2025-04-20 16:52:12 [TestNG-tests-1] INFO  ActionDriver - Entered text on Element with name: username-->Admin
2025-04-20 16:52:13 [TestNG-tests-1] INFO  ActionDriver - Entered text on Element with name: password-->admin123
2025-04-20 16:52:13 [TestNG-tests-1] INFO  ActionDriver - clicked an element-->Element with text: Login
2025-04-20 16:52:14 [TestNG-tests-1] INFO  ActionDriver - Element is displayed Element with text: Admin
2025-04-20 16:52:14 [TestNG-tests-1] INFO  ActionDriver - clicked an element-->Element with text: Thang# lala
2025-04-20 16:52:16 [TestNG-tests-1] INFO  ActionDriver - clicked an element-->Element with text: Logout
2025-04-20 16:52:20 [TestNG-tests-1] INFO  BaseClass - WebDriver instance is closed.
2025-04-20 16:52:22 [TestNG-tests-1] INFO  BaseClass - ChromeDriver Instance is created.
2025-04-20 16:52:27 [TestNG-tests-1] INFO  BaseClass - webdriver is initalized
2025-04-20 16:52:27 [TestNG-tests-1] TRACE BaseClass - This is a Trace message
2025-04-20 16:52:27 [TestNG-tests-1] DEBUG BaseClass - This is a debug message
2025-04-20 16:52:27 [TestNG-tests-1] WARN  BaseClass - This is a warm message
2025-04-20 16:52:27 [TestNG-tests-1] INFO  BaseClass - ActionDriver initlialized for thread: 22
2025-04-20 16:52:27 [TestNG-tests-1] INFO  ActionDriver - Entered text on Element with name: username-->admin
2025-04-20 16:52:27 [TestNG-tests-1] INFO  ActionDriver - Entered text on Element with name: password-->admin123
2025-04-20 16:52:28 [TestNG-tests-1] INFO  ActionDriver - clicked an element-->Element with text: Login
2025-04-20 16:52:29 [TestNG-tests-1] INFO  ActionDriver - Element is displayed Element located using: By.xpath: //div[@class='oxd-brand-banner']//img
2025-04-20 16:52:30 [TestNG-tests-1] INFO  BaseClass - WebDriver instance is closed.
2025-04-20 16:55:06 [main] INFO  BaseClass - config.properties file loaded
2025-04-20 16:55:08 [TestNG-test=OrangeHRMTest-2] INFO  BaseClass - ChromeDriver Instance is created.
2025-04-20 16:55:08 [TestNG-test=OrangeHRMTest-4] INFO  BaseClass - ChromeDriver Instance is created.
2025-04-20 16:55:08 [TestNG-test=OrangeHRMTest-5] INFO  BaseClass - ChromeDriver Instance is created.
2025-04-20 16:55:08 [TestNG-test=OrangeHRMTest-1] INFO  BaseClass - ChromeDriver Instance is created.
2025-04-20 16:55:14 [TestNG-test=OrangeHRMTest-4] INFO  BaseClass - webdriver is initalized
2025-04-20 16:55:14 [TestNG-test=OrangeHRMTest-5] INFO  BaseClass - webdriver is initalized
2025-04-20 16:55:14 [TestNG-test=OrangeHRMTest-4] TRACE BaseClass - This is a Trace message
2025-04-20 16:55:14 [TestNG-test=OrangeHRMTest-5] TRACE BaseClass - This is a Trace message
2025-04-20 16:55:14 [TestNG-test=OrangeHRMTest-4] DEBUG BaseClass - This is a debug message
2025-04-20 16:55:14 [TestNG-test=OrangeHRMTest-5] DEBUG BaseClass - This is a debug message
2025-04-20 16:55:14 [TestNG-test=OrangeHRMTest-5] WARN  BaseClass - This is a warm message
2025-04-20 16:55:14 [TestNG-test=OrangeHRMTest-4] WARN  BaseClass - This is a warm message
2025-04-20 16:55:14 [TestNG-test=OrangeHRMTest-5] INFO  BaseClass - ActionDriver initlialized for thread: 26
2025-04-20 16:55:14 [TestNG-test=OrangeHRMTest-4] INFO  BaseClass - ActionDriver initlialized for thread: 25
2025-04-20 16:55:14 [TestNG-test=OrangeHRMTest-1] INFO  BaseClass - webdriver is initalized
2025-04-20 16:55:14 [TestNG-test=OrangeHRMTest-1] TRACE BaseClass - This is a Trace message
2025-04-20 16:55:14 [TestNG-test=OrangeHRMTest-1] DEBUG BaseClass - This is a debug message
2025-04-20 16:55:14 [TestNG-test=OrangeHRMTest-1] WARN  BaseClass - This is a warm message
2025-04-20 16:55:14 [TestNG-test=OrangeHRMTest-1] INFO  BaseClass - ActionDriver initlialized for thread: 22
2025-04-20 16:55:14 [TestNG-test=OrangeHRMTest-4] INFO  ActionDriver - Entered text on Element with name: username-->Admin
2025-04-20 16:55:14 [TestNG-test=OrangeHRMTest-5] INFO  ActionDriver - Entered text on Element with name: username-->admin
2025-04-20 16:55:15 [TestNG-test=OrangeHRMTest-2] INFO  BaseClass - webdriver is initalized
2025-04-20 16:55:15 [TestNG-test=OrangeHRMTest-2] TRACE BaseClass - This is a Trace message
2025-04-20 16:55:15 [TestNG-test=OrangeHRMTest-2] DEBUG BaseClass - This is a debug message
2025-04-20 16:55:15 [TestNG-test=OrangeHRMTest-2] WARN  BaseClass - This is a warm message
2025-04-20 16:55:15 [TestNG-test=OrangeHRMTest-2] INFO  BaseClass - ActionDriver initlialized for thread: 23
2025-04-20 16:55:15 [TestNG-test=OrangeHRMTest-5] INFO  ActionDriver - Entered text on Element with name: password-->admin123
2025-04-20 16:55:15 [TestNG-test=OrangeHRMTest-4] INFO  ActionDriver - Entered text on Element with name: password-->admin123
2025-04-20 16:55:15 [TestNG-test=OrangeHRMTest-4] INFO  ActionDriver - clicked an element-->Element with text: Login
2025-04-20 16:55:15 [TestNG-test=OrangeHRMTest-5] INFO  ActionDriver - clicked an element-->Element with text: Login
2025-04-20 16:55:15 [TestNG-test=OrangeHRMTest-1] INFO  BaseClass - WebDriver instance is closed.
2025-04-20 16:55:15 [TestNG-test=OrangeHRMTest-2] INFO  BaseClass - WebDriver instance is closed.
2025-04-20 16:55:16 [TestNG-test=OrangeHRMTest-3] INFO  BaseClass - ChromeDriver Instance is created.
2025-04-20 16:55:16 [TestNG-test=OrangeHRMTest-4] INFO  ActionDriver - Element is displayed Element with text: Admin
2025-04-20 16:55:16 [TestNG-test=OrangeHRMTest-5] INFO  ActionDriver - Element is displayed Element located using: By.xpath: //div[@class='oxd-brand-banner']//img
2025-04-20 16:55:17 [TestNG-test=OrangeHRMTest-4] INFO  ActionDriver - clicked an element-->Element with text: Thang# lala
2025-04-20 16:55:17 [TestNG-test=OrangeHRMTest-5] INFO  BaseClass - WebDriver instance is closed.
2025-04-20 16:55:19 [TestNG-test=OrangeHRMTest-4] INFO  ActionDriver - clicked an element-->Element located using: By.xpath: //a[text()='Logout']
2025-04-20 16:55:23 [TestNG-test=OrangeHRMTest-3] INFO  BaseClass - webdriver is initalized
2025-04-20 16:55:23 [TestNG-test=OrangeHRMTest-3] TRACE BaseClass - This is a Trace message
2025-04-20 16:55:23 [TestNG-test=OrangeHRMTest-3] DEBUG BaseClass - This is a debug message
2025-04-20 16:55:23 [TestNG-test=OrangeHRMTest-3] WARN  BaseClass - This is a warm message
2025-04-20 16:55:23 [TestNG-test=OrangeHRMTest-3] INFO  BaseClass - ActionDriver initlialized for thread: 24
2025-04-20 16:55:23 [TestNG-test=OrangeHRMTest-3] INFO  ActionDriver - Entered text on Element with name: username-->admim
2025-04-20 16:55:23 [TestNG-test=OrangeHRMTest-3] INFO  ActionDriver - Entered text on Element with name: password-->admin
2025-04-20 16:55:23 [TestNG-test=OrangeHRMTest-3] INFO  ActionDriver - clicked an element-->Element with text: Login
2025-04-20 16:55:24 [TestNG-test=OrangeHRMTest-4] INFO  BaseClass - WebDriver instance is closed.
2025-04-20 16:55:24 [TestNG-test=OrangeHRMTest-3] INFO  ActionDriver - Texts are matching:Invalid credentials equalsInvalid credentials
2025-04-20 16:55:25 [TestNG-test=OrangeHRMTest-3] INFO  BaseClass - WebDriver instance is closed.
2025-04-20 17:17:14 [main] INFO  BaseClass - config.properties file loaded
2025-04-20 17:17:20 [TestNG-test=OrangeHRMTest-2] INFO  BaseClass - edgedriver Instance is created.
2025-04-20 17:17:22 [TestNG-test=OrangeHRMTest-4] INFO  BaseClass - edgedriver Instance is created.
2025-04-20 17:17:22 [TestNG-test=OrangeHRMTest-5] INFO  BaseClass - edgedriver Instance is created.
2025-04-20 17:17:23 [TestNG-test=OrangeHRMTest-1] INFO  BaseClass - edgedriver Instance is created.
2025-04-20 17:17:27 [TestNG-test=OrangeHRMTest-2] INFO  BaseClass - webdriver is initalized
2025-04-20 17:17:27 [TestNG-test=OrangeHRMTest-2] TRACE BaseClass - This is a Trace message
2025-04-20 17:17:27 [TestNG-test=OrangeHRMTest-2] DEBUG BaseClass - This is a debug message
2025-04-20 17:17:27 [TestNG-test=OrangeHRMTest-2] WARN  BaseClass - This is a warm message
2025-04-20 17:17:27 [TestNG-test=OrangeHRMTest-2] INFO  BaseClass - ActionDriver initlialized for thread: 21
2025-04-20 17:17:28 [TestNG-test=OrangeHRMTest-4] INFO  BaseClass - webdriver is initalized
2025-04-20 17:17:28 [TestNG-test=OrangeHRMTest-4] TRACE BaseClass - This is a Trace message
2025-04-20 17:17:28 [TestNG-test=OrangeHRMTest-4] DEBUG BaseClass - This is a debug message
2025-04-20 17:17:28 [TestNG-test=OrangeHRMTest-4] WARN  BaseClass - This is a warm message
2025-04-20 17:17:28 [TestNG-test=OrangeHRMTest-4] INFO  BaseClass - ActionDriver initlialized for thread: 23
2025-04-20 17:17:28 [TestNG-test=OrangeHRMTest-4] INFO  ActionDriver - Entered text on Element with name: username-->Admin
2025-04-20 17:17:29 [TestNG-test=OrangeHRMTest-4] INFO  ActionDriver - Entered text on Element with name: password-->admin123
2025-04-20 17:17:29 [TestNG-test=OrangeHRMTest-1] INFO  BaseClass - webdriver is initalized
2025-04-20 17:17:29 [TestNG-test=OrangeHRMTest-1] TRACE BaseClass - This is a Trace message
2025-04-20 17:17:29 [TestNG-test=OrangeHRMTest-1] DEBUG BaseClass - This is a debug message
2025-04-20 17:17:29 [TestNG-test=OrangeHRMTest-5] INFO  BaseClass - webdriver is initalized
2025-04-20 17:17:29 [TestNG-test=OrangeHRMTest-5] TRACE BaseClass - This is a Trace message
2025-04-20 17:17:29 [TestNG-test=OrangeHRMTest-5] DEBUG BaseClass - This is a debug message
2025-04-20 17:17:29 [TestNG-test=OrangeHRMTest-5] WARN  BaseClass - This is a warm message
2025-04-20 17:17:29 [TestNG-test=OrangeHRMTest-5] INFO  BaseClass - ActionDriver initlialized for thread: 24
2025-04-20 17:17:29 [TestNG-test=OrangeHRMTest-1] WARN  BaseClass - This is a warm message
2025-04-20 17:17:29 [TestNG-test=OrangeHRMTest-1] INFO  BaseClass - ActionDriver initlialized for thread: 20
2025-04-20 17:17:29 [TestNG-test=OrangeHRMTest-5] INFO  ActionDriver - Entered text on Element with name: username-->admin
2025-04-20 17:17:29 [TestNG-test=OrangeHRMTest-2] INFO  BaseClass - WebDriver instance is closed.
2025-04-20 17:17:30 [TestNG-test=OrangeHRMTest-5] INFO  ActionDriver - Entered text on Element with name: password-->admin123
2025-04-20 17:17:30 [TestNG-test=OrangeHRMTest-3] INFO  BaseClass - edgedriver Instance is created.
2025-04-20 17:17:30 [TestNG-test=OrangeHRMTest-4] INFO  ActionDriver - clicked an element-->Element with text: Login
2025-04-20 17:17:31 [TestNG-test=OrangeHRMTest-4] INFO  ActionDriver - Element is displayed Element with text: Admin
2025-04-20 17:17:31 [TestNG-test=OrangeHRMTest-4] INFO  ActionDriver - clicked an element-->Element with text: rgergeeethtgẻgergreg lala
2025-04-20 17:17:31 [TestNG-test=OrangeHRMTest-5] INFO  ActionDriver - clicked an element-->Element with text: Login
2025-04-20 17:17:32 [TestNG-test=OrangeHRMTest-5] INFO  ActionDriver - Element is displayed Element located using: By.xpath: //div[@class='oxd-brand-banner']//img
2025-04-20 17:17:32 [TestNG-test=OrangeHRMTest-1] INFO  BaseClass - WebDriver instance is closed.
2025-04-20 17:17:33 [TestNG-test=OrangeHRMTest-4] INFO  ActionDriver - clicked an element-->Element with text: Logout
2025-04-20 17:17:34 [TestNG-test=OrangeHRMTest-5] INFO  BaseClass - WebDriver instance is closed.
2025-04-20 17:17:37 [TestNG-test=OrangeHRMTest-3] INFO  BaseClass - webdriver is initalized
2025-04-20 17:17:37 [TestNG-test=OrangeHRMTest-3] TRACE BaseClass - This is a Trace message
2025-04-20 17:17:37 [TestNG-test=OrangeHRMTest-3] DEBUG BaseClass - This is a debug message
2025-04-20 17:17:37 [TestNG-test=OrangeHRMTest-3] WARN  BaseClass - This is a warm message
2025-04-20 17:17:37 [TestNG-test=OrangeHRMTest-3] INFO  BaseClass - ActionDriver initlialized for thread: 22
2025-04-20 17:17:37 [TestNG-test=OrangeHRMTest-3] INFO  ActionDriver - Entered text on Element with name: username-->admim
2025-04-20 17:17:37 [TestNG-test=OrangeHRMTest-3] INFO  ActionDriver - Entered text on Element with name: password-->admin
2025-04-20 17:17:37 [TestNG-test=OrangeHRMTest-3] INFO  ActionDriver - clicked an element-->Element with text: Login
2025-04-20 17:17:39 [TestNG-test=OrangeHRMTest-4] INFO  BaseClass - WebDriver instance is closed.
2025-04-20 17:17:39 [TestNG-test=OrangeHRMTest-3] INFO  ActionDriver - Texts are matching:Invalid credentials equalsInvalid credentials
2025-04-20 17:17:41 [TestNG-test=OrangeHRMTest-3] INFO  BaseClass - WebDriver instance is closed.
2025-04-20 17:18:15 [main] INFO  BaseClass - config.properties file loaded
2025-04-20 17:18:18 [TestNG-test=OrangeHRMTest-5] INFO  BaseClass - edgedriver Instance is created.
2025-04-20 17:18:19 [TestNG-test=OrangeHRMTest-1] INFO  BaseClass - edgedriver Instance is created.
2025-04-20 17:18:20 [TestNG-test=OrangeHRMTest-2] INFO  BaseClass - edgedriver Instance is created.
2025-04-20 17:18:20 [TestNG-test=OrangeHRMTest-3] INFO  BaseClass - edgedriver Instance is created.
2025-04-20 17:18:24 [TestNG-test=OrangeHRMTest-5] INFO  BaseClass - webdriver is initalized
2025-04-20 17:18:24 [TestNG-test=OrangeHRMTest-5] TRACE BaseClass - This is a Trace message
2025-04-20 17:18:24 [TestNG-test=OrangeHRMTest-5] DEBUG BaseClass - This is a debug message
2025-04-20 17:18:24 [TestNG-test=OrangeHRMTest-5] WARN  BaseClass - This is a warm message
2025-04-20 17:18:24 [TestNG-test=OrangeHRMTest-5] INFO  BaseClass - ActionDriver initlialized for thread: 25
2025-04-20 17:18:24 [TestNG-test=OrangeHRMTest-5] INFO  ActionDriver - Entered text on Element with name: username-->admin
2025-04-20 17:18:25 [TestNG-test=OrangeHRMTest-5] INFO  ActionDriver - Entered text on Element with name: password-->admin123
2025-04-20 17:18:26 [TestNG-test=OrangeHRMTest-1] INFO  BaseClass - webdriver is initalized
2025-04-20 17:18:26 [TestNG-test=OrangeHRMTest-1] TRACE BaseClass - This is a Trace message
2025-04-20 17:18:26 [TestNG-test=OrangeHRMTest-1] DEBUG BaseClass - This is a debug message
2025-04-20 17:18:26 [TestNG-test=OrangeHRMTest-1] WARN  BaseClass - This is a warm message
2025-04-20 17:18:26 [TestNG-test=OrangeHRMTest-1] INFO  BaseClass - ActionDriver initlialized for thread: 21
2025-04-20 17:18:26 [TestNG-test=OrangeHRMTest-5] INFO  ActionDriver - clicked an element-->Element with text: Login
2025-04-20 17:18:26 [TestNG-test=OrangeHRMTest-2] INFO  BaseClass - webdriver is initalized
2025-04-20 17:18:26 [TestNG-test=OrangeHRMTest-2] TRACE BaseClass - This is a Trace message
2025-04-20 17:18:26 [TestNG-test=OrangeHRMTest-2] DEBUG BaseClass - This is a debug message
2025-04-20 17:18:26 [TestNG-test=OrangeHRMTest-2] WARN  BaseClass - This is a warm message
2025-04-20 17:18:26 [TestNG-test=OrangeHRMTest-2] INFO  BaseClass - ActionDriver initlialized for thread: 22
2025-04-20 17:18:26 [TestNG-test=OrangeHRMTest-3] INFO  BaseClass - webdriver is initalized
2025-04-20 17:18:26 [TestNG-test=OrangeHRMTest-3] TRACE BaseClass - This is a Trace message
2025-04-20 17:18:26 [TestNG-test=OrangeHRMTest-3] DEBUG BaseClass - This is a debug message
2025-04-20 17:18:26 [TestNG-test=OrangeHRMTest-3] WARN  BaseClass - This is a warm message
2025-04-20 17:18:26 [TestNG-test=OrangeHRMTest-3] INFO  BaseClass - ActionDriver initlialized for thread: 23
2025-04-20 17:18:27 [TestNG-test=OrangeHRMTest-5] INFO  ActionDriver - Element is displayed Element located using: By.xpath: //div[@class='oxd-brand-banner']//img
2025-04-20 17:18:27 [TestNG-test=OrangeHRMTest-3] INFO  ActionDriver - Entered text on Element with name: username-->admim
2025-04-20 17:18:27 [TestNG-test=OrangeHRMTest-1] INFO  BaseClass - WebDriver instance is closed.
2025-04-20 17:18:27 [TestNG-test=OrangeHRMTest-3] INFO  ActionDriver - Entered text on Element with name: password-->admin
2025-04-20 17:18:28 [TestNG-test=OrangeHRMTest-2] INFO  BaseClass - WebDriver instance is closed.
2025-04-20 17:18:28 [TestNG-test=OrangeHRMTest-5] INFO  BaseClass - WebDriver instance is closed.
2025-04-20 17:18:29 [TestNG-test=OrangeHRMTest-3] INFO  ActionDriver - clicked an element-->Element with text: Login
2025-04-20 17:18:29 [TestNG-test=OrangeHRMTest-3] INFO  ActionDriver - Texts are matching:Invalid credentials equalsInvalid credentials
2025-04-20 17:18:29 [TestNG-test=OrangeHRMTest-4] INFO  BaseClass - edgedriver Instance is created.
2025-04-20 17:18:35 [TestNG-test=OrangeHRMTest-4] INFO  BaseClass - webdriver is initalized
2025-04-20 17:18:35 [TestNG-test=OrangeHRMTest-4] TRACE BaseClass - This is a Trace message
2025-04-20 17:18:35 [TestNG-test=OrangeHRMTest-4] DEBUG BaseClass - This is a debug message
2025-04-20 17:18:35 [TestNG-test=OrangeHRMTest-4] WARN  BaseClass - This is a warm message
2025-04-20 17:18:35 [TestNG-test=OrangeHRMTest-4] INFO  BaseClass - ActionDriver initlialized for thread: 24
2025-04-20 17:18:36 [TestNG-test=OrangeHRMTest-4] INFO  ActionDriver - Entered text on Element with name: username-->Admin
2025-04-20 17:18:36 [TestNG-test=OrangeHRMTest-4] INFO  ActionDriver - Entered text on Element with name: password-->admin123
2025-04-20 17:18:37 [TestNG-test=OrangeHRMTest-3] INFO  BaseClass - WebDriver instance is closed.
2025-04-20 17:18:38 [TestNG-test=OrangeHRMTest-4] INFO  ActionDriver - clicked an element-->Element with text: Login
2025-04-20 17:18:38 [TestNG-test=OrangeHRMTest-4] INFO  ActionDriver - Element is displayed Element with text: Admin
2025-04-20 17:18:39 [TestNG-test=OrangeHRMTest-4] INFO  ActionDriver - clicked an element-->Element with text: rgergeeethtgẻgergreg lala
2025-04-20 17:18:42 [TestNG-test=OrangeHRMTest-4] INFO  ActionDriver - clicked an element-->Element with text: Logout
2025-04-20 17:18:46 [TestNG-test=OrangeHRMTest-4] INFO  BaseClass - WebDriver instance is closed.
2025-04-20 17:19:24 [main] INFO  BaseClass - config.properties file loaded
2025-04-20 17:19:51 [TestNG-test=OrangeHRMTest-1] INFO  BaseClass - firefox Instance is created.
2025-04-20 17:19:57 [TestNG-test=OrangeHRMTest-1] INFO  BaseClass - webdriver is initalized
2025-04-20 17:19:57 [TestNG-test=OrangeHRMTest-1] TRACE BaseClass - This is a Trace message
2025-04-20 17:19:57 [TestNG-test=OrangeHRMTest-1] DEBUG BaseClass - This is a debug message
2025-04-20 17:19:57 [TestNG-test=OrangeHRMTest-1] WARN  BaseClass - This is a warm message
2025-04-20 17:19:57 [TestNG-test=OrangeHRMTest-1] INFO  BaseClass - ActionDriver initlialized for thread: 20
2025-04-20 17:19:58 [TestNG-test=OrangeHRMTest-1] INFO  BaseClass - WebDriver instance is closed.
2025-04-20 17:20:15 [TestNG-test=OrangeHRMTest-3] INFO  BaseClass - firefox Instance is created.
2025-04-20 17:20:21 [TestNG-test=OrangeHRMTest-3] INFO  BaseClass - webdriver is initalized
2025-04-20 17:20:21 [TestNG-test=OrangeHRMTest-3] TRACE BaseClass - This is a Trace message
2025-04-20 17:20:21 [TestNG-test=OrangeHRMTest-3] DEBUG BaseClass - This is a debug message
2025-04-20 17:20:21 [TestNG-test=OrangeHRMTest-3] WARN  BaseClass - This is a warm message
2025-04-20 17:20:21 [TestNG-test=OrangeHRMTest-3] INFO  BaseClass - ActionDriver initlialized for thread: 22
2025-04-20 17:22:39 [main] INFO  BaseClass - config.properties file loaded
2025-04-20 17:22:44 [TestNG-test=OrangeHRMTest-1] INFO  BaseClass - ChromeDriver Instance is created.
2025-04-20 17:22:44 [TestNG-test=OrangeHRMTest-2] INFO  BaseClass - ChromeDriver Instance is created.
2025-04-20 17:22:44 [TestNG-test=OrangeHRMTest-3] INFO  BaseClass - ChromeDriver Instance is created.
2025-04-20 17:22:44 [TestNG-test=OrangeHRMTest-4] INFO  BaseClass - ChromeDriver Instance is created.
2025-04-20 17:22:50 [TestNG-test=OrangeHRMTest-3] INFO  BaseClass - webdriver is initalized
2025-04-20 17:22:50 [TestNG-test=OrangeHRMTest-3] TRACE BaseClass - This is a Trace message
2025-04-20 17:22:50 [TestNG-test=OrangeHRMTest-3] DEBUG BaseClass - This is a debug message
2025-04-20 17:22:50 [TestNG-test=OrangeHRMTest-3] WARN  BaseClass - This is a warm message
2025-04-20 17:22:50 [TestNG-test=OrangeHRMTest-3] INFO  BaseClass - ActionDriver initlialized for thread: 24
2025-04-20 17:22:50 [TestNG-test=OrangeHRMTest-4] INFO  BaseClass - webdriver is initalized
2025-04-20 17:22:50 [TestNG-test=OrangeHRMTest-4] TRACE BaseClass - This is a Trace message
2025-04-20 17:22:50 [TestNG-test=OrangeHRMTest-4] DEBUG BaseClass - This is a debug message
2025-04-20 17:22:50 [TestNG-test=OrangeHRMTest-4] WARN  BaseClass - This is a warm message
2025-04-20 17:22:50 [TestNG-test=OrangeHRMTest-4] INFO  BaseClass - ActionDriver initlialized for thread: 25
2025-04-20 17:22:50 [TestNG-test=OrangeHRMTest-1] INFO  BaseClass - webdriver is initalized
2025-04-20 17:22:50 [TestNG-test=OrangeHRMTest-1] TRACE BaseClass - This is a Trace message
2025-04-20 17:22:50 [TestNG-test=OrangeHRMTest-1] DEBUG BaseClass - This is a debug message
2025-04-20 17:22:50 [TestNG-test=OrangeHRMTest-1] WARN  BaseClass - This is a warm message
2025-04-20 17:22:50 [TestNG-test=OrangeHRMTest-1] INFO  BaseClass - ActionDriver initlialized for thread: 22
2025-04-20 17:22:50 [TestNG-test=OrangeHRMTest-2] INFO  BaseClass - webdriver is initalized
2025-04-20 17:22:50 [TestNG-test=OrangeHRMTest-2] TRACE BaseClass - This is a Trace message
2025-04-20 17:22:50 [TestNG-test=OrangeHRMTest-2] DEBUG BaseClass - This is a debug message
2025-04-20 17:22:50 [TestNG-test=OrangeHRMTest-2] WARN  BaseClass - This is a warm message
2025-04-20 17:22:50 [TestNG-test=OrangeHRMTest-2] INFO  BaseClass - ActionDriver initlialized for thread: 23
2025-04-20 17:22:51 [TestNG-test=OrangeHRMTest-3] INFO  ActionDriver - Entered text on Element with name: username-->admim
2025-04-20 17:22:51 [TestNG-test=OrangeHRMTest-4] INFO  ActionDriver - Entered text on Element with name: username-->admin
2025-04-20 17:22:51 [TestNG-test=OrangeHRMTest-1] INFO  BaseClass - WebDriver instance is closed.
2025-04-20 17:22:51 [TestNG-test=OrangeHRMTest-2] INFO  BaseClass - WebDriver instance is closed.
2025-04-20 17:22:51 [TestNG-test=OrangeHRMTest-3] INFO  ActionDriver - Entered text on Element with name: password-->admin
2025-04-20 17:22:51 [TestNG-test=OrangeHRMTest-4] INFO  ActionDriver - Entered text on Element with name: password-->admin123
2025-04-20 17:22:51 [TestNG-test=OrangeHRMTest-3] INFO  ActionDriver - clicked an element-->Element with text: Login
2025-04-20 17:22:51 [TestNG-test=OrangeHRMTest-4] INFO  ActionDriver - clicked an element-->Element with text: Login
2025-04-20 17:22:53 [TestNG-test=OrangeHRMTest-3] INFO  ActionDriver - Texts are matching:Invalid credentials equalsInvalid credentials
2025-04-20 17:22:53 [TestNG-test=OrangeHRMTest-3] INFO  BaseClass - WebDriver instance is closed.
2025-04-20 17:22:53 [TestNG-test=OrangeHRMTest-4] INFO  ActionDriver - Element is displayed Element located using: By.xpath: //div[@class='oxd-brand-banner']//img
2025-04-20 17:22:54 [TestNG-test=OrangeHRMTest-4] INFO  BaseClass - WebDriver instance is closed.
2025-04-20 17:22:56 [TestNG-test=OrangeHRMTest-3] INFO  BaseClass - ChromeDriver Instance is created.
2025-04-20 17:23:02 [TestNG-test=OrangeHRMTest-3] INFO  BaseClass - webdriver is initalized
2025-04-20 17:23:02 [TestNG-test=OrangeHRMTest-3] TRACE BaseClass - This is a Trace message
2025-04-20 17:23:02 [TestNG-test=OrangeHRMTest-3] DEBUG BaseClass - This is a debug message
2025-04-20 17:23:02 [TestNG-test=OrangeHRMTest-3] WARN  BaseClass - This is a warm message
2025-04-20 17:23:02 [TestNG-test=OrangeHRMTest-3] INFO  BaseClass - ActionDriver initlialized for thread: 24
2025-04-20 17:23:03 [TestNG-test=OrangeHRMTest-3] INFO  ActionDriver - Entered text on Element with name: username-->Admin
2025-04-20 17:23:03 [TestNG-test=OrangeHRMTest-3] INFO  ActionDriver - Entered text on Element with name: password-->admin123
2025-04-20 17:23:03 [TestNG-test=OrangeHRMTest-3] INFO  ActionDriver - clicked an element-->Element with text: Login
2025-04-20 17:23:05 [TestNG-test=OrangeHRMTest-3] INFO  ActionDriver - Element is displayed Element with text: Admin
2025-04-20 17:23:05 [TestNG-test=OrangeHRMTest-3] INFO  ActionDriver - clicked an element-->Element with text: Allen ey
2025-04-20 17:23:07 [TestNG-test=OrangeHRMTest-3] INFO  ActionDriver - clicked an element-->Element located using: By.xpath: //a[text()='Logout']
2025-04-20 17:23:10 [TestNG-test=OrangeHRMTest-3] INFO  BaseClass - WebDriver instance is closed.
2025-04-23 23:02:09 [main] INFO  BaseClass - config.properties file loaded
2025-04-23 23:02:17 [TestNG-test=OrangeHRMTest-4] INFO  BaseClass - ChromeDriver Instance is created.
2025-04-23 23:02:17 [TestNG-test=OrangeHRMTest-1] INFO  BaseClass - ChromeDriver Instance is created.
2025-04-23 23:02:17 [TestNG-test=OrangeHRMTest-3] INFO  BaseClass - ChromeDriver Instance is created.
2025-04-23 23:02:17 [TestNG-test=OrangeHRMTest-2] INFO  BaseClass - ChromeDriver Instance is created.
2025-04-23 23:02:24 [TestNG-test=OrangeHRMTest-1] INFO  BaseClass - webdriver is initalized
2025-04-23 23:02:24 [TestNG-test=OrangeHRMTest-1] TRACE BaseClass - This is a Trace message
2025-04-23 23:02:24 [TestNG-test=OrangeHRMTest-3] INFO  BaseClass - webdriver is initalized
2025-04-23 23:02:24 [TestNG-test=OrangeHRMTest-1] DEBUG BaseClass - This is a debug message
2025-04-23 23:02:24 [TestNG-test=OrangeHRMTest-3] TRACE BaseClass - This is a Trace message
2025-04-23 23:02:24 [TestNG-test=OrangeHRMTest-1] WARN  BaseClass - This is a warm message
2025-04-23 23:02:24 [TestNG-test=OrangeHRMTest-3] DEBUG BaseClass - This is a debug message
2025-04-23 23:02:24 [TestNG-test=OrangeHRMTest-3] WARN  BaseClass - This is a warm message
2025-04-23 23:02:24 [TestNG-test=OrangeHRMTest-1] INFO  BaseClass - ActionDriver initlialized for thread: 21
2025-04-23 23:02:24 [TestNG-test=OrangeHRMTest-3] INFO  BaseClass - ActionDriver initlialized for thread: 23
2025-04-23 23:02:24 [TestNG-test=OrangeHRMTest-2] INFO  BaseClass - webdriver is initalized
2025-04-23 23:02:24 [TestNG-test=OrangeHRMTest-2] TRACE BaseClass - This is a Trace message
2025-04-23 23:02:24 [TestNG-test=OrangeHRMTest-2] DEBUG BaseClass - This is a debug message
2025-04-23 23:02:24 [TestNG-test=OrangeHRMTest-2] WARN  BaseClass - This is a warm message
2025-04-23 23:02:24 [TestNG-test=OrangeHRMTest-2] INFO  BaseClass - ActionDriver initlialized for thread: 22
2025-04-23 23:02:24 [TestNG-test=OrangeHRMTest-4] INFO  BaseClass - webdriver is initalized
2025-04-23 23:02:24 [TestNG-test=OrangeHRMTest-4] TRACE BaseClass - This is a Trace message
2025-04-23 23:02:24 [TestNG-test=OrangeHRMTest-4] DEBUG BaseClass - This is a debug message
2025-04-23 23:02:24 [TestNG-test=OrangeHRMTest-4] WARN  BaseClass - This is a warm message
2025-04-23 23:02:24 [TestNG-test=OrangeHRMTest-4] INFO  BaseClass - ActionDriver initlialized for thread: 24
2025-04-23 23:02:24 [TestNG-test=OrangeHRMTest-1] INFO  BaseClass - WebDriver instance is closed.
2025-04-23 23:02:25 [TestNG-test=OrangeHRMTest-4] INFO  ActionDriver - Entered text on Element with name: username-->admin
2025-04-23 23:02:25 [TestNG-test=OrangeHRMTest-3] INFO  ActionDriver - Entered text on Element with name: username-->admim
2025-04-23 23:02:25 [TestNG-test=OrangeHRMTest-2] INFO  BaseClass - WebDriver instance is closed.
2025-04-23 23:02:25 [TestNG-test=OrangeHRMTest-4] INFO  ActionDriver - Entered text on Element with name: password-->admin123
2025-04-23 23:02:25 [TestNG-test=OrangeHRMTest-3] INFO  ActionDriver - Entered text on Element with name: password-->admin
2025-04-23 23:02:26 [TestNG-test=OrangeHRMTest-3] INFO  ActionDriver - clicked an element-->Element with text: Login
2025-04-23 23:02:26 [TestNG-test=OrangeHRMTest-4] INFO  ActionDriver - clicked an element-->Element with text: Login
2025-04-23 23:02:26 [TestNG-test=OrangeHRMTest-3] INFO  ActionDriver - Texts are matching:Invalid credentials equalsInvalid credentials
2025-04-23 23:02:27 [TestNG-test=OrangeHRMTest-3] INFO  BaseClass - WebDriver instance is closed.
2025-04-23 23:02:27 [TestNG-test=OrangeHRMTest-4] INFO  ActionDriver - Element is displayed Element located using: By.xpath: //div[@class='oxd-brand-banner']//img
2025-04-23 23:02:27 [TestNG-test=OrangeHRMTest-4] INFO  BaseClass - WebDriver instance is closed.
2025-04-23 23:02:28 [TestNG-test=OrangeHRMTest-3] INFO  BaseClass - ChromeDriver Instance is created.
2025-04-23 23:02:34 [TestNG-test=OrangeHRMTest-3] INFO  BaseClass - webdriver is initalized
2025-04-23 23:02:34 [TestNG-test=OrangeHRMTest-3] TRACE BaseClass - This is a Trace message
2025-04-23 23:02:34 [TestNG-test=OrangeHRMTest-3] DEBUG BaseClass - This is a debug message
2025-04-23 23:02:34 [TestNG-test=OrangeHRMTest-3] WARN  BaseClass - This is a warm message
2025-04-23 23:02:34 [TestNG-test=OrangeHRMTest-3] INFO  BaseClass - ActionDriver initlialized for thread: 23
2025-04-23 23:02:34 [TestNG-test=OrangeHRMTest-3] INFO  ActionDriver - Entered text on Element with name: username-->Admin
2025-04-23 23:02:34 [TestNG-test=OrangeHRMTest-3] INFO  ActionDriver - Entered text on Element with name: password-->admin123
2025-04-23 23:02:34 [TestNG-test=OrangeHRMTest-3] INFO  ActionDriver - clicked an element-->Element with text: Login
2025-04-23 23:02:36 [TestNG-test=OrangeHRMTest-3] INFO  ActionDriver - Element is displayed Element with text: Admin
2025-04-23 23:02:36 [TestNG-test=OrangeHRMTest-3] INFO  ActionDriver - clicked an element-->Element with text: Thafer Ben Hassen
2025-04-23 23:02:38 [TestNG-test=OrangeHRMTest-3] INFO  ActionDriver - clicked an element-->Element located using: By.xpath: //a[text()='Logout']
2025-04-23 23:02:41 [TestNG-test=OrangeHRMTest-3] INFO  BaseClass - WebDriver instance is closed.
2025-04-23 23:09:19 [main] INFO  BaseClass - config.properties file loaded
2025-04-23 23:09:22 [TestNG-test=OrangeHRMTest-3] INFO  BaseClass - ChromeDriver Instance is created.
2025-04-23 23:09:22 [TestNG-test=OrangeHRMTest-2] INFO  BaseClass - ChromeDriver Instance is created.
2025-04-23 23:09:22 [TestNG-test=OrangeHRMTest-4] INFO  BaseClass - ChromeDriver Instance is created.
2025-04-23 23:09:22 [TestNG-test=OrangeHRMTest-1] INFO  BaseClass - ChromeDriver Instance is created.
2025-04-23 23:09:28 [TestNG-test=OrangeHRMTest-4] INFO  BaseClass - webdriver is initalized
2025-04-23 23:09:28 [TestNG-test=OrangeHRMTest-4] TRACE BaseClass - This is a Trace message
2025-04-23 23:09:28 [TestNG-test=OrangeHRMTest-4] DEBUG BaseClass - This is a debug message
2025-04-23 23:09:28 [TestNG-test=OrangeHRMTest-4] WARN  BaseClass - This is a warm message
2025-04-23 23:09:28 [TestNG-test=OrangeHRMTest-4] INFO  BaseClass - ActionDriver initlialized for thread: 24
2025-04-23 23:09:28 [TestNG-test=OrangeHRMTest-2] INFO  BaseClass - webdriver is initalized
2025-04-23 23:09:28 [TestNG-test=OrangeHRMTest-2] TRACE BaseClass - This is a Trace message
2025-04-23 23:09:28 [TestNG-test=OrangeHRMTest-2] DEBUG BaseClass - This is a debug message
2025-04-23 23:09:28 [TestNG-test=OrangeHRMTest-2] WARN  BaseClass - This is a warm message
2025-04-23 23:09:28 [TestNG-test=OrangeHRMTest-2] INFO  BaseClass - ActionDriver initlialized for thread: 22
2025-04-23 23:09:28 [TestNG-test=OrangeHRMTest-3] INFO  BaseClass - webdriver is initalized
2025-04-23 23:09:28 [TestNG-test=OrangeHRMTest-3] TRACE BaseClass - This is a Trace message
2025-04-23 23:09:28 [TestNG-test=OrangeHRMTest-3] DEBUG BaseClass - This is a debug message
2025-04-23 23:09:28 [TestNG-test=OrangeHRMTest-3] WARN  BaseClass - This is a warm message
2025-04-23 23:09:28 [TestNG-test=OrangeHRMTest-3] INFO  BaseClass - ActionDriver initlialized for thread: 23
2025-04-23 23:09:28 [TestNG-test=OrangeHRMTest-1] INFO  BaseClass - webdriver is initalized
2025-04-23 23:09:28 [TestNG-test=OrangeHRMTest-1] TRACE BaseClass - This is a Trace message
2025-04-23 23:09:28 [TestNG-test=OrangeHRMTest-1] DEBUG BaseClass - This is a debug message
2025-04-23 23:09:28 [TestNG-test=OrangeHRMTest-1] WARN  BaseClass - This is a warm message
2025-04-23 23:09:28 [TestNG-test=OrangeHRMTest-1] INFO  BaseClass - ActionDriver initlialized for thread: 21
2025-04-23 23:09:29 [TestNG-test=OrangeHRMTest-2] INFO  BaseClass - WebDriver instance is closed.
2025-04-23 23:09:29 [TestNG-test=OrangeHRMTest-3] INFO  ActionDriver - Entered text on Element with name: username-->admim
2025-04-23 23:09:29 [TestNG-test=OrangeHRMTest-1] INFO  BaseClass - WebDriver instance is closed.
2025-04-23 23:09:29 [TestNG-test=OrangeHRMTest-4] INFO  ActionDriver - Entered text on Element with name: username-->admin
2025-04-23 23:09:29 [TestNG-test=OrangeHRMTest-3] INFO  ActionDriver - Entered text on Element with name: password-->admin
2025-04-23 23:09:29 [TestNG-test=OrangeHRMTest-4] INFO  ActionDriver - Entered text on Element with name: password-->admin123
2025-04-23 23:09:29 [TestNG-test=OrangeHRMTest-3] INFO  ActionDriver - clicked an element-->Element with text: Login
2025-04-23 23:09:29 [TestNG-test=OrangeHRMTest-4] INFO  ActionDriver - clicked an element-->Element with text: Login
2025-04-23 23:09:30 [TestNG-test=OrangeHRMTest-3] INFO  ActionDriver - Texts are matching:Invalid credentials equalsInvalid credentials
2025-04-23 23:09:31 [TestNG-test=OrangeHRMTest-3] INFO  BaseClass - WebDriver instance is closed.
2025-04-23 23:09:31 [TestNG-test=OrangeHRMTest-4] INFO  ActionDriver - Element is displayed Element located using: By.xpath: //div[@class='oxd-brand-banner']//img
2025-04-23 23:09:32 [TestNG-test=OrangeHRMTest-4] INFO  BaseClass - WebDriver instance is closed.
2025-04-23 23:09:33 [TestNG-test=OrangeHRMTest-3] INFO  BaseClass - ChromeDriver Instance is created.
2025-04-23 23:09:38 [TestNG-test=OrangeHRMTest-3] INFO  BaseClass - webdriver is initalized
2025-04-23 23:09:38 [TestNG-test=OrangeHRMTest-3] TRACE BaseClass - This is a Trace message
2025-04-23 23:09:38 [TestNG-test=OrangeHRMTest-3] DEBUG BaseClass - This is a debug message
2025-04-23 23:09:38 [TestNG-test=OrangeHRMTest-3] WARN  BaseClass - This is a warm message
2025-04-23 23:09:38 [TestNG-test=OrangeHRMTest-3] INFO  BaseClass - ActionDriver initlialized for thread: 23
2025-04-23 23:09:39 [TestNG-test=OrangeHRMTest-3] INFO  ActionDriver - Entered text on Element with name: username-->Admin
2025-04-23 23:09:39 [TestNG-test=OrangeHRMTest-3] INFO  ActionDriver - Entered text on Element with name: password-->admin123
2025-04-23 23:09:39 [TestNG-test=OrangeHRMTest-3] INFO  ActionDriver - clicked an element-->Element with text: Login
2025-04-23 23:09:40 [TestNG-test=OrangeHRMTest-3] INFO  ActionDriver - Element is displayed Element with text: Admin
2025-04-23 23:09:41 [TestNG-test=OrangeHRMTest-3] INFO  ActionDriver - clicked an element-->Element with text: Thafer Ben Hassen
2025-04-23 23:09:42 [TestNG-test=OrangeHRMTest-3] INFO  ActionDriver - clicked an element-->Element located using: By.xpath: //a[text()='Logout']
2025-04-23 23:09:45 [TestNG-test=OrangeHRMTest-3] INFO  BaseClass - WebDriver instance is closed.
2025-04-23 23:13:05 [main] INFO  BaseClass - config.properties file loaded
2025-04-23 23:13:08 [TestNG-test=OrangeHRMTest-3] INFO  BaseClass - ChromeDriver Instance is created.
2025-04-23 23:13:08 [TestNG-test=OrangeHRMTest-4] INFO  BaseClass - ChromeDriver Instance is created.
2025-04-23 23:13:08 [TestNG-test=OrangeHRMTest-1] INFO  BaseClass - ChromeDriver Instance is created.
2025-04-23 23:13:08 [TestNG-test=OrangeHRMTest-2] INFO  BaseClass - ChromeDriver Instance is created.
2025-04-23 23:13:14 [TestNG-test=OrangeHRMTest-2] INFO  BaseClass - webdriver is initalized
2025-04-23 23:13:14 [TestNG-test=OrangeHRMTest-2] TRACE BaseClass - This is a Trace message
2025-04-23 23:13:14 [TestNG-test=OrangeHRMTest-2] DEBUG BaseClass - This is a debug message
2025-04-23 23:13:14 [TestNG-test=OrangeHRMTest-2] WARN  BaseClass - This is a warm message
2025-04-23 23:13:14 [TestNG-test=OrangeHRMTest-2] INFO  BaseClass - ActionDriver initlialized for thread: 22
2025-04-23 23:13:14 [TestNG-test=OrangeHRMTest-3] INFO  BaseClass - webdriver is initalized
2025-04-23 23:13:14 [TestNG-test=OrangeHRMTest-3] TRACE BaseClass - This is a Trace message
2025-04-23 23:13:14 [TestNG-test=OrangeHRMTest-3] DEBUG BaseClass - This is a debug message
2025-04-23 23:13:14 [TestNG-test=OrangeHRMTest-3] WARN  BaseClass - This is a warm message
2025-04-23 23:13:14 [TestNG-test=OrangeHRMTest-3] INFO  BaseClass - ActionDriver initlialized for thread: 23
2025-04-23 23:13:14 [TestNG-test=OrangeHRMTest-1] INFO  BaseClass - webdriver is initalized
2025-04-23 23:13:14 [TestNG-test=OrangeHRMTest-1] TRACE BaseClass - This is a Trace message
2025-04-23 23:13:14 [TestNG-test=OrangeHRMTest-1] DEBUG BaseClass - This is a debug message
2025-04-23 23:13:14 [TestNG-test=OrangeHRMTest-1] WARN  BaseClass - This is a warm message
2025-04-23 23:13:14 [TestNG-test=OrangeHRMTest-1] INFO  BaseClass - ActionDriver initlialized for thread: 21
2025-04-23 23:13:14 [TestNG-test=OrangeHRMTest-4] INFO  BaseClass - webdriver is initalized
2025-04-23 23:13:14 [TestNG-test=OrangeHRMTest-4] TRACE BaseClass - This is a Trace message
2025-04-23 23:13:14 [TestNG-test=OrangeHRMTest-4] DEBUG BaseClass - This is a debug message
2025-04-23 23:13:14 [TestNG-test=OrangeHRMTest-4] WARN  BaseClass - This is a warm message
2025-04-23 23:13:14 [TestNG-test=OrangeHRMTest-4] INFO  BaseClass - ActionDriver initlialized for thread: 24
2025-04-23 23:15:23 [main] INFO  BaseClass - config.properties file loaded
2025-04-23 23:15:26 [TestNG-test=OrangeHRMTest-3] INFO  BaseClass - ChromeDriver Instance is created.
2025-04-23 23:15:26 [TestNG-test=OrangeHRMTest-2] INFO  BaseClass - ChromeDriver Instance is created.
2025-04-23 23:15:26 [TestNG-test=OrangeHRMTest-1] INFO  BaseClass - ChromeDriver Instance is created.
2025-04-23 23:15:26 [TestNG-test=OrangeHRMTest-4] INFO  BaseClass - ChromeDriver Instance is created.
2025-04-23 23:15:32 [TestNG-test=OrangeHRMTest-1] INFO  BaseClass - webdriver is initalized
2025-04-23 23:15:32 [TestNG-test=OrangeHRMTest-1] TRACE BaseClass - This is a Trace message
2025-04-23 23:15:32 [TestNG-test=OrangeHRMTest-1] DEBUG BaseClass - This is a debug message
2025-04-23 23:15:32 [TestNG-test=OrangeHRMTest-1] WARN  BaseClass - This is a warm message
2025-04-23 23:15:32 [TestNG-test=OrangeHRMTest-1] INFO  BaseClass - ActionDriver initlialized for thread: 20
2025-04-23 23:15:32 [TestNG-test=OrangeHRMTest-2] INFO  BaseClass - webdriver is initalized
2025-04-23 23:15:32 [TestNG-test=OrangeHRMTest-2] TRACE BaseClass - This is a Trace message
2025-04-23 23:15:32 [TestNG-test=OrangeHRMTest-2] DEBUG BaseClass - This is a debug message
2025-04-23 23:15:32 [TestNG-test=OrangeHRMTest-2] WARN  BaseClass - This is a warm message
2025-04-23 23:15:32 [TestNG-test=OrangeHRMTest-2] INFO  BaseClass - ActionDriver initlialized for thread: 21
2025-04-23 23:15:32 [TestNG-test=OrangeHRMTest-3] INFO  BaseClass - webdriver is initalized
2025-04-23 23:15:32 [TestNG-test=OrangeHRMTest-3] TRACE BaseClass - This is a Trace message
2025-04-23 23:15:32 [TestNG-test=OrangeHRMTest-3] DEBUG BaseClass - This is a debug message
2025-04-23 23:15:32 [TestNG-test=OrangeHRMTest-3] WARN  BaseClass - This is a warm message
2025-04-23 23:15:32 [TestNG-test=OrangeHRMTest-3] INFO  BaseClass - ActionDriver initlialized for thread: 22
2025-04-23 23:15:32 [TestNG-test=OrangeHRMTest-4] INFO  BaseClass - webdriver is initalized
2025-04-23 23:15:32 [TestNG-test=OrangeHRMTest-4] TRACE BaseClass - This is a Trace message
2025-04-23 23:15:32 [TestNG-test=OrangeHRMTest-4] DEBUG BaseClass - This is a debug message
2025-04-23 23:15:32 [TestNG-test=OrangeHRMTest-4] WARN  BaseClass - This is a warm message
2025-04-23 23:15:32 [TestNG-test=OrangeHRMTest-4] INFO  BaseClass - ActionDriver initlialized for thread: 23
2025-04-23 23:16:54 [main] INFO  BaseClass - config.properties file loaded
2025-04-23 23:16:57 [TestNG-test=OrangeHRMTest-2] INFO  BaseClass - ChromeDriver Instance is created.
2025-04-23 23:16:57 [TestNG-test=OrangeHRMTest-1] INFO  BaseClass - ChromeDriver Instance is created.
2025-04-23 23:16:57 [TestNG-test=OrangeHRMTest-4] INFO  BaseClass - ChromeDriver Instance is created.
2025-04-23 23:16:57 [TestNG-test=OrangeHRMTest-3] INFO  BaseClass - ChromeDriver Instance is created.
2025-04-23 23:17:03 [TestNG-test=OrangeHRMTest-1] INFO  BaseClass - webdriver is initalized
2025-04-23 23:17:03 [TestNG-test=OrangeHRMTest-1] TRACE BaseClass - This is a Trace message
2025-04-23 23:17:03 [TestNG-test=OrangeHRMTest-1] DEBUG BaseClass - This is a debug message
2025-04-23 23:17:03 [TestNG-test=OrangeHRMTest-1] WARN  BaseClass - This is a warm message
2025-04-23 23:17:03 [TestNG-test=OrangeHRMTest-1] INFO  BaseClass - ActionDriver initlialized for thread: 22
2025-04-23 23:17:03 [TestNG-test=OrangeHRMTest-4] INFO  BaseClass - webdriver is initalized
2025-04-23 23:17:03 [TestNG-test=OrangeHRMTest-4] TRACE BaseClass - This is a Trace message
2025-04-23 23:17:03 [TestNG-test=OrangeHRMTest-4] DEBUG BaseClass - This is a debug message
2025-04-23 23:17:03 [TestNG-test=OrangeHRMTest-4] WARN  BaseClass - This is a warm message
2025-04-23 23:17:03 [TestNG-test=OrangeHRMTest-4] INFO  BaseClass - ActionDriver initlialized for thread: 25
2025-04-23 23:17:03 [TestNG-test=OrangeHRMTest-3] INFO  BaseClass - webdriver is initalized
2025-04-23 23:17:03 [TestNG-test=OrangeHRMTest-3] TRACE BaseClass - This is a Trace message
2025-04-23 23:17:03 [TestNG-test=OrangeHRMTest-3] DEBUG BaseClass - This is a debug message
2025-04-23 23:17:03 [TestNG-test=OrangeHRMTest-3] WARN  BaseClass - This is a warm message
2025-04-23 23:17:03 [TestNG-test=OrangeHRMTest-3] INFO  BaseClass - ActionDriver initlialized for thread: 24
2025-04-23 23:17:03 [TestNG-test=OrangeHRMTest-2] INFO  BaseClass - webdriver is initalized
2025-04-23 23:17:03 [TestNG-test=OrangeHRMTest-2] TRACE BaseClass - This is a Trace message
2025-04-23 23:17:03 [TestNG-test=OrangeHRMTest-2] DEBUG BaseClass - This is a debug message
2025-04-23 23:17:03 [TestNG-test=OrangeHRMTest-2] WARN  BaseClass - This is a warm message
2025-04-23 23:17:03 [TestNG-test=OrangeHRMTest-2] INFO  BaseClass - ActionDriver initlialized for thread: 23
2025-04-23 23:17:04 [TestNG-test=OrangeHRMTest-2] INFO  BaseClass - WebDriver instance is closed.
2025-04-23 23:17:04 [TestNG-test=OrangeHRMTest-1] INFO  BaseClass - WebDriver instance is closed.
2025-04-23 23:17:04 [TestNG-test=OrangeHRMTest-3] INFO  ActionDriver - Entered text on Element with name: username-->admim
2025-04-23 23:17:04 [TestNG-test=OrangeHRMTest-4] INFO  ActionDriver - Entered text on Element with name: username-->admin
2025-04-23 23:17:04 [TestNG-test=OrangeHRMTest-3] INFO  ActionDriver - Entered text on Element with name: password-->admin
2025-04-23 23:17:04 [TestNG-test=OrangeHRMTest-4] INFO  ActionDriver - Entered text on Element with name: password-->admin123
2025-04-23 23:17:04 [TestNG-test=OrangeHRMTest-3] INFO  ActionDriver - clicked an element-->Element with text: Login
2025-04-23 23:17:04 [TestNG-test=OrangeHRMTest-4] INFO  ActionDriver - clicked an element-->Element with text: Login
2025-04-23 23:17:05 [TestNG-test=OrangeHRMTest-3] INFO  ActionDriver - Texts are matching:Invalid credentials equalsInvalid credentials
2025-04-23 23:17:06 [TestNG-test=OrangeHRMTest-3] INFO  BaseClass - WebDriver instance is closed.
2025-04-23 23:17:06 [TestNG-test=OrangeHRMTest-4] INFO  ActionDriver - Element is displayed Element located using: By.xpath: //div[@class='oxd-brand-banner']//img
2025-04-23 23:17:06 [TestNG-test=OrangeHRMTest-4] INFO  BaseClass - WebDriver instance is closed.
2025-04-23 23:17:07 [TestNG-test=OrangeHRMTest-3] INFO  BaseClass - ChromeDriver Instance is created.
2025-04-23 23:17:13 [TestNG-test=OrangeHRMTest-3] INFO  BaseClass - webdriver is initalized
2025-04-23 23:17:13 [TestNG-test=OrangeHRMTest-3] TRACE BaseClass - This is a Trace message
2025-04-23 23:17:13 [TestNG-test=OrangeHRMTest-3] DEBUG BaseClass - This is a debug message
2025-04-23 23:17:13 [TestNG-test=OrangeHRMTest-3] WARN  BaseClass - This is a warm message
2025-04-23 23:17:13 [TestNG-test=OrangeHRMTest-3] INFO  BaseClass - ActionDriver initlialized for thread: 24
2025-04-23 23:17:13 [TestNG-test=OrangeHRMTest-3] INFO  ActionDriver - Entered text on Element with name: username-->Admin
2025-04-23 23:17:13 [TestNG-test=OrangeHRMTest-3] INFO  ActionDriver - Entered text on Element with name: password-->admin123
2025-04-23 23:17:13 [TestNG-test=OrangeHRMTest-3] INFO  ActionDriver - clicked an element-->Element with text: Login
2025-04-23 23:17:15 [TestNG-test=OrangeHRMTest-3] INFO  ActionDriver - Element is displayed Element with text: Admin
2025-04-23 23:17:15 [TestNG-test=OrangeHRMTest-3] INFO  ActionDriver - clicked an element-->Element with text: Thafer Ben Hassen
2025-04-23 23:17:17 [TestNG-test=OrangeHRMTest-3] INFO  ActionDriver - clicked an element-->Element located using: By.xpath: //a[text()='Logout']
2025-04-23 23:17:20 [TestNG-test=OrangeHRMTest-3] INFO  BaseClass - WebDriver instance is closed.
2025-04-23 23:19:21 [main] INFO  BaseClass - config.properties file loaded
2025-04-23 23:19:23 [TestNG-test=OrangeHRMTest-2] INFO  BaseClass - ChromeDriver Instance is created.
2025-04-23 23:19:23 [TestNG-test=OrangeHRMTest-4] INFO  BaseClass - ChromeDriver Instance is created.
2025-04-23 23:19:23 [TestNG-test=OrangeHRMTest-3] INFO  BaseClass - ChromeDriver Instance is created.
2025-04-23 23:19:24 [TestNG-test=OrangeHRMTest-1] INFO  BaseClass - ChromeDriver Instance is created.
2025-04-23 23:19:29 [TestNG-test=OrangeHRMTest-4] INFO  BaseClass - webdriver is initalized
2025-04-23 23:19:29 [TestNG-test=OrangeHRMTest-4] TRACE BaseClass - This is a Trace message
2025-04-23 23:19:29 [TestNG-test=OrangeHRMTest-4] DEBUG BaseClass - This is a debug message
2025-04-23 23:19:29 [TestNG-test=OrangeHRMTest-4] WARN  BaseClass - This is a warm message
2025-04-23 23:19:29 [TestNG-test=OrangeHRMTest-4] INFO  BaseClass - ActionDriver initlialized for thread: 23
2025-04-23 23:19:29 [TestNG-test=OrangeHRMTest-3] INFO  BaseClass - webdriver is initalized
2025-04-23 23:19:29 [TestNG-test=OrangeHRMTest-3] TRACE BaseClass - This is a Trace message
2025-04-23 23:19:29 [TestNG-test=OrangeHRMTest-3] DEBUG BaseClass - This is a debug message
2025-04-23 23:19:29 [TestNG-test=OrangeHRMTest-3] WARN  BaseClass - This is a warm message
2025-04-23 23:19:29 [TestNG-test=OrangeHRMTest-3] INFO  BaseClass - ActionDriver initlialized for thread: 22
2025-04-23 23:19:29 [TestNG-test=OrangeHRMTest-2] INFO  BaseClass - webdriver is initalized
2025-04-23 23:19:29 [TestNG-test=OrangeHRMTest-2] TRACE BaseClass - This is a Trace message
2025-04-23 23:19:29 [TestNG-test=OrangeHRMTest-2] DEBUG BaseClass - This is a debug message
2025-04-23 23:19:29 [TestNG-test=OrangeHRMTest-2] WARN  BaseClass - This is a warm message
2025-04-23 23:19:29 [TestNG-test=OrangeHRMTest-2] INFO  BaseClass - ActionDriver initlialized for thread: 21
2025-04-23 23:19:29 [TestNG-test=OrangeHRMTest-1] INFO  BaseClass - webdriver is initalized
2025-04-23 23:19:29 [TestNG-test=OrangeHRMTest-1] TRACE BaseClass - This is a Trace message
2025-04-23 23:19:30 [TestNG-test=OrangeHRMTest-1] DEBUG BaseClass - This is a debug message
2025-04-23 23:19:30 [TestNG-test=OrangeHRMTest-1] WARN  BaseClass - This is a warm message
2025-04-23 23:19:30 [TestNG-test=OrangeHRMTest-1] INFO  BaseClass - ActionDriver initlialized for thread: 20
2025-04-23 23:19:30 [TestNG-test=OrangeHRMTest-4] INFO  ActionDriver - Entered text on Element with name: username-->admin
2025-04-23 23:19:30 [TestNG-test=OrangeHRMTest-3] INFO  ActionDriver - Entered text on Element with name: username-->admim
2025-04-23 23:19:30 [TestNG-test=OrangeHRMTest-2] INFO  BaseClass - WebDriver instance is closed.
2025-04-23 23:19:30 [TestNG-test=OrangeHRMTest-1] INFO  BaseClass - WebDriver instance is closed.
2025-04-23 23:19:30 [TestNG-test=OrangeHRMTest-4] INFO  ActionDriver - Entered text on Element with name: password-->admin123
2025-04-23 23:19:30 [TestNG-test=OrangeHRMTest-3] INFO  ActionDriver - Entered text on Element with name: password-->admin
2025-04-23 23:19:30 [TestNG-test=OrangeHRMTest-4] INFO  ActionDriver - clicked an element-->Element with text: Login
2025-04-23 23:19:31 [TestNG-test=OrangeHRMTest-3] INFO  ActionDriver - clicked an element-->Element with text: Login
2025-04-23 23:19:32 [TestNG-test=OrangeHRMTest-3] INFO  ActionDriver - Texts are matching:Invalid credentials equalsInvalid credentials
2025-04-23 23:19:32 [TestNG-test=OrangeHRMTest-4] INFO  ActionDriver - Element is displayed Element located using: By.xpath: //div[@class='oxd-brand-banner']//img
2025-04-23 23:19:32 [TestNG-test=OrangeHRMTest-3] INFO  BaseClass - WebDriver instance is closed.
2025-04-23 23:19:33 [TestNG-test=OrangeHRMTest-4] INFO  BaseClass - WebDriver instance is closed.
2025-04-23 23:19:33 [TestNG-test=OrangeHRMTest-3] INFO  BaseClass - ChromeDriver Instance is created.
2025-04-23 23:19:39 [TestNG-test=OrangeHRMTest-3] INFO  BaseClass - webdriver is initalized
2025-04-23 23:19:39 [TestNG-test=OrangeHRMTest-3] TRACE BaseClass - This is a Trace message
2025-04-23 23:19:39 [TestNG-test=OrangeHRMTest-3] DEBUG BaseClass - This is a debug message
2025-04-23 23:19:39 [TestNG-test=OrangeHRMTest-3] WARN  BaseClass - This is a warm message
2025-04-23 23:19:39 [TestNG-test=OrangeHRMTest-3] INFO  BaseClass - ActionDriver initlialized for thread: 22
2025-04-23 23:19:39 [TestNG-test=OrangeHRMTest-3] INFO  ActionDriver - Entered text on Element with name: username-->Admin
2025-04-23 23:19:40 [TestNG-test=OrangeHRMTest-3] INFO  ActionDriver - Entered text on Element with name: password-->admin123
2025-04-23 23:19:40 [TestNG-test=OrangeHRMTest-3] INFO  ActionDriver - clicked an element-->Element with text: Login
2025-04-23 23:19:41 [TestNG-test=OrangeHRMTest-3] INFO  ActionDriver - Element is displayed Element with text: Admin
2025-04-23 23:19:41 [TestNG-test=OrangeHRMTest-3] INFO  ActionDriver - clicked an element-->Element with text: Thafer Ben Hassen
2025-04-23 23:19:43 [TestNG-test=OrangeHRMTest-3] INFO  ActionDriver - clicked an element-->Element located using: By.xpath: //a[text()='Logout']
2025-04-23 23:19:46 [TestNG-test=OrangeHRMTest-3] INFO  BaseClass - WebDriver instance is closed.
2025-04-23 23:24:37 [main] INFO  BaseClass - config.properties file loaded
2025-04-23 23:24:40 [TestNG-test=OrangeHRMTest-4] INFO  BaseClass - ChromeDriver Instance is created.
2025-04-23 23:24:40 [TestNG-test=OrangeHRMTest-3] INFO  BaseClass - ChromeDriver Instance is created.
2025-04-23 23:24:40 [TestNG-test=OrangeHRMTest-1] INFO  BaseClass - ChromeDriver Instance is created.
2025-04-23 23:24:40 [TestNG-test=OrangeHRMTest-2] INFO  BaseClass - ChromeDriver Instance is created.
2025-04-23 23:24:46 [TestNG-test=OrangeHRMTest-4] INFO  BaseClass - webdriver is initalized
2025-04-23 23:24:46 [TestNG-test=OrangeHRMTest-4] TRACE BaseClass - This is a Trace message
2025-04-23 23:24:46 [TestNG-test=OrangeHRMTest-4] DEBUG BaseClass - This is a debug message
2025-04-23 23:24:46 [TestNG-test=OrangeHRMTest-4] WARN  BaseClass - This is a warm message
2025-04-23 23:24:46 [TestNG-test=OrangeHRMTest-4] INFO  BaseClass - ActionDriver initlialized for thread: 24
2025-04-23 23:24:46 [TestNG-test=OrangeHRMTest-3] INFO  BaseClass - webdriver is initalized
2025-04-23 23:24:46 [TestNG-test=OrangeHRMTest-3] TRACE BaseClass - This is a Trace message
2025-04-23 23:24:46 [TestNG-test=OrangeHRMTest-3] DEBUG BaseClass - This is a debug message
2025-04-23 23:24:46 [TestNG-test=OrangeHRMTest-3] WARN  BaseClass - This is a warm message
2025-04-23 23:24:46 [TestNG-test=OrangeHRMTest-3] INFO  BaseClass - ActionDriver initlialized for thread: 23
2025-04-23 23:24:46 [TestNG-test=OrangeHRMTest-2] INFO  BaseClass - webdriver is initalized
2025-04-23 23:24:46 [TestNG-test=OrangeHRMTest-2] TRACE BaseClass - This is a Trace message
2025-04-23 23:24:46 [TestNG-test=OrangeHRMTest-2] DEBUG BaseClass - This is a debug message
2025-04-23 23:24:46 [TestNG-test=OrangeHRMTest-2] WARN  BaseClass - This is a warm message
2025-04-23 23:24:46 [TestNG-test=OrangeHRMTest-2] INFO  BaseClass - ActionDriver initlialized for thread: 22
2025-04-23 23:24:46 [TestNG-test=OrangeHRMTest-1] INFO  BaseClass - webdriver is initalized
2025-04-23 23:24:46 [TestNG-test=OrangeHRMTest-1] TRACE BaseClass - This is a Trace message
2025-04-23 23:24:46 [TestNG-test=OrangeHRMTest-1] DEBUG BaseClass - This is a debug message
2025-04-23 23:24:46 [TestNG-test=OrangeHRMTest-1] WARN  BaseClass - This is a warm message
2025-04-23 23:24:46 [TestNG-test=OrangeHRMTest-1] INFO  BaseClass - ActionDriver initlialized for thread: 21
2025-04-23 23:24:46 [TestNG-test=OrangeHRMTest-3] INFO  ActionDriver - Entered text on Element with name: username-->admim
2025-04-23 23:24:46 [TestNG-test=OrangeHRMTest-2] INFO  BaseClass - WebDriver instance is closed.
2025-04-23 23:24:46 [TestNG-test=OrangeHRMTest-4] INFO  ActionDriver - Entered text on Element with name: username-->admin
2025-04-23 23:24:46 [TestNG-test=OrangeHRMTest-1] INFO  BaseClass - WebDriver instance is closed.
2025-04-23 23:24:47 [TestNG-test=OrangeHRMTest-3] INFO  ActionDriver - Entered text on Element with name: password-->admin
2025-04-23 23:24:47 [TestNG-test=OrangeHRMTest-4] INFO  ActionDriver - Entered text on Element with name: password-->admin123
2025-04-23 23:24:47 [TestNG-test=OrangeHRMTest-4] INFO  ActionDriver - clicked an element-->Element with text: Login
2025-04-23 23:24:48 [TestNG-test=OrangeHRMTest-3] INFO  ActionDriver - clicked an element-->Element with text: Login
2025-04-23 23:24:49 [TestNG-test=OrangeHRMTest-3] INFO  ActionDriver - Texts are matching:Invalid credentials equalsInvalid credentials
2025-04-23 23:24:50 [TestNG-test=OrangeHRMTest-4] INFO  ActionDriver - Element is displayed Element located using: By.xpath: //div[@class='oxd-brand-banner']//img
2025-04-23 23:24:51 [TestNG-test=OrangeHRMTest-4] INFO  BaseClass - WebDriver instance is closed.
2025-04-23 23:24:52 [TestNG-test=OrangeHRMTest-3] INFO  BaseClass - WebDriver instance is closed.
2025-04-23 23:24:54 [TestNG-test=OrangeHRMTest-3] INFO  BaseClass - ChromeDriver Instance is created.
2025-04-23 23:25:00 [TestNG-test=OrangeHRMTest-3] INFO  BaseClass - webdriver is initalized
2025-04-23 23:25:00 [TestNG-test=OrangeHRMTest-3] TRACE BaseClass - This is a Trace message
2025-04-23 23:25:00 [TestNG-test=OrangeHRMTest-3] DEBUG BaseClass - This is a debug message
2025-04-23 23:25:00 [TestNG-test=OrangeHRMTest-3] WARN  BaseClass - This is a warm message
2025-04-23 23:25:00 [TestNG-test=OrangeHRMTest-3] INFO  BaseClass - ActionDriver initlialized for thread: 23
2025-04-23 23:25:01 [TestNG-test=OrangeHRMTest-3] INFO  ActionDriver - Entered text on Element with name: username-->Admin
2025-04-23 23:25:01 [TestNG-test=OrangeHRMTest-3] INFO  ActionDriver - Entered text on Element with name: password-->admin123
2025-04-23 23:25:01 [TestNG-test=OrangeHRMTest-3] INFO  ActionDriver - clicked an element-->Element with text: Login
2025-04-23 23:25:03 [TestNG-test=OrangeHRMTest-3] INFO  ActionDriver - Element is displayed Element with text: Admin
2025-04-23 23:25:03 [TestNG-test=OrangeHRMTest-3] INFO  ActionDriver - clicked an element-->Element with text: John Junior
2025-04-23 23:25:04 [TestNG-test=OrangeHRMTest-3] INFO  ActionDriver - clicked an element-->Element with text: Logout
2025-04-23 23:25:08 [TestNG-test=OrangeHRMTest-3] INFO  BaseClass - WebDriver instance is closed.
2025-04-23 23:28:40 [main] INFO  BaseClass - config.properties file loaded
2025-04-23 23:28:43 [TestNG-test=OrangeHRMTest-2] INFO  BaseClass - ChromeDriver Instance is created.
2025-04-23 23:28:43 [TestNG-test=OrangeHRMTest-4] INFO  BaseClass - ChromeDriver Instance is created.
2025-04-23 23:28:43 [TestNG-test=OrangeHRMTest-3] INFO  BaseClass - ChromeDriver Instance is created.
2025-04-23 23:28:43 [TestNG-test=OrangeHRMTest-1] INFO  BaseClass - ChromeDriver Instance is created.
2025-04-23 23:28:49 [TestNG-test=OrangeHRMTest-4] INFO  BaseClass - webdriver is initalized
2025-04-23 23:28:49 [TestNG-test=OrangeHRMTest-4] TRACE BaseClass - This is a Trace message
2025-04-23 23:28:49 [TestNG-test=OrangeHRMTest-4] DEBUG BaseClass - This is a debug message
2025-04-23 23:28:49 [TestNG-test=OrangeHRMTest-4] WARN  BaseClass - This is a warm message
2025-04-23 23:28:49 [TestNG-test=OrangeHRMTest-2] INFO  BaseClass - webdriver is initalized
2025-04-23 23:28:49 [TestNG-test=OrangeHRMTest-2] TRACE BaseClass - This is a Trace message
2025-04-23 23:28:49 [TestNG-test=OrangeHRMTest-2] DEBUG BaseClass - This is a debug message
2025-04-23 23:28:49 [TestNG-test=OrangeHRMTest-2] WARN  BaseClass - This is a warm message
2025-04-23 23:28:49 [TestNG-test=OrangeHRMTest-2] INFO  BaseClass - ActionDriver initlialized for thread: 21
2025-04-23 23:28:49 [TestNG-test=OrangeHRMTest-4] INFO  BaseClass - ActionDriver initlialized for thread: 23
2025-04-23 23:28:49 [TestNG-test=OrangeHRMTest-3] INFO  BaseClass - webdriver is initalized
2025-04-23 23:28:49 [TestNG-test=OrangeHRMTest-3] TRACE BaseClass - This is a Trace message
2025-04-23 23:28:49 [TestNG-test=OrangeHRMTest-3] DEBUG BaseClass - This is a debug message
2025-04-23 23:28:49 [TestNG-test=OrangeHRMTest-3] WARN  BaseClass - This is a warm message
2025-04-23 23:28:49 [TestNG-test=OrangeHRMTest-3] INFO  BaseClass - ActionDriver initlialized for thread: 22
2025-04-23 23:28:49 [TestNG-test=OrangeHRMTest-1] INFO  BaseClass - webdriver is initalized
2025-04-23 23:28:49 [TestNG-test=OrangeHRMTest-1] TRACE BaseClass - This is a Trace message
2025-04-23 23:28:49 [TestNG-test=OrangeHRMTest-1] DEBUG BaseClass - This is a debug message
2025-04-23 23:28:49 [TestNG-test=OrangeHRMTest-1] WARN  BaseClass - This is a warm message
2025-04-23 23:28:49 [TestNG-test=OrangeHRMTest-1] INFO  BaseClass - ActionDriver initlialized for thread: 20
2025-04-23 23:28:50 [TestNG-test=OrangeHRMTest-1] INFO  BaseClass - WebDriver instance is closed.
2025-04-23 23:28:50 [TestNG-test=OrangeHRMTest-2] INFO  BaseClass - WebDriver instance is closed.
2025-04-23 23:28:50 [TestNG-test=OrangeHRMTest-3] INFO  ActionDriver - Entered text on Element with name: username-->admim
2025-04-23 23:28:50 [TestNG-test=OrangeHRMTest-4] INFO  ActionDriver - Entered text on Element with name: username-->admin
2025-04-23 23:28:51 [TestNG-test=OrangeHRMTest-3] INFO  ActionDriver - Entered text on Element with name: password-->admin
2025-04-23 23:28:51 [TestNG-test=OrangeHRMTest-4] INFO  ActionDriver - Entered text on Element with name: password-->admin123
2025-04-23 23:28:51 [TestNG-test=OrangeHRMTest-4] INFO  ActionDriver - clicked an element-->Element with text: Login
2025-04-23 23:28:52 [TestNG-test=OrangeHRMTest-3] INFO  ActionDriver - clicked an element-->Element with text: Login
2025-04-23 23:28:52 [TestNG-test=OrangeHRMTest-3] INFO  ActionDriver - Texts are matching:Invalid credentials equalsInvalid credentials
2025-04-23 23:28:53 [TestNG-test=OrangeHRMTest-3] INFO  BaseClass - WebDriver instance is closed.
2025-04-23 23:28:53 [TestNG-test=OrangeHRMTest-4] INFO  ActionDriver - Element is displayed Element located using: By.xpath: //div[@class='oxd-brand-banner']//img
2025-04-23 23:28:54 [TestNG-test=OrangeHRMTest-4] INFO  BaseClass - WebDriver instance is closed.
2025-04-23 23:28:55 [TestNG-test=OrangeHRMTest-3] INFO  BaseClass - ChromeDriver Instance is created.
2025-04-23 23:29:01 [TestNG-test=OrangeHRMTest-3] INFO  BaseClass - webdriver is initalized
2025-04-23 23:29:01 [TestNG-test=OrangeHRMTest-3] TRACE BaseClass - This is a Trace message
2025-04-23 23:29:01 [TestNG-test=OrangeHRMTest-3] DEBUG BaseClass - This is a debug message
2025-04-23 23:29:01 [TestNG-test=OrangeHRMTest-3] WARN  BaseClass - This is a warm message
2025-04-23 23:29:01 [TestNG-test=OrangeHRMTest-3] INFO  BaseClass - ActionDriver initlialized for thread: 22
2025-04-23 23:29:01 [TestNG-test=OrangeHRMTest-3] INFO  ActionDriver - Entered text on Element with name: username-->Admin
2025-04-23 23:29:02 [TestNG-test=OrangeHRMTest-3] INFO  ActionDriver - Entered text on Element with name: password-->admin123
2025-04-23 23:29:02 [TestNG-test=OrangeHRMTest-3] INFO  ActionDriver - clicked an element-->Element with text: Login
2025-04-23 23:29:03 [TestNG-test=OrangeHRMTest-3] INFO  ActionDriver - Element is displayed Element with text: Admin
2025-04-23 23:29:04 [TestNG-test=OrangeHRMTest-3] INFO  ActionDriver - clicked an element-->Element with text: John Junior
2025-04-23 23:29:06 [TestNG-test=OrangeHRMTest-3] INFO  ActionDriver - clicked an element-->Element located using: By.xpath: //a[text()='Logout']
2025-04-23 23:29:09 [TestNG-test=OrangeHRMTest-3] INFO  BaseClass - WebDriver instance is closed.
2025-04-23 23:32:03 [main] INFO  BaseClass - config.properties file loaded
2025-04-23 23:32:06 [TestNG-test=OrangeHRMTest-3] INFO  BaseClass - ChromeDriver Instance is created.
2025-04-23 23:32:06 [TestNG-test=OrangeHRMTest-2] INFO  BaseClass - ChromeDriver Instance is created.
2025-04-23 23:32:06 [TestNG-test=OrangeHRMTest-1] INFO  BaseClass - ChromeDriver Instance is created.
2025-04-23 23:32:06 [TestNG-test=OrangeHRMTest-4] INFO  BaseClass - ChromeDriver Instance is created.
2025-04-23 23:32:12 [TestNG-test=OrangeHRMTest-3] INFO  BaseClass - webdriver is initalized
2025-04-23 23:32:12 [TestNG-test=OrangeHRMTest-3] TRACE BaseClass - This is a Trace message
2025-04-23 23:32:12 [TestNG-test=OrangeHRMTest-3] DEBUG BaseClass - This is a debug message
2025-04-23 23:32:12 [TestNG-test=OrangeHRMTest-3] WARN  BaseClass - This is a warm message
2025-04-23 23:32:12 [TestNG-test=OrangeHRMTest-3] INFO  BaseClass - ActionDriver initlialized for thread: 23
2025-04-23 23:32:12 [TestNG-test=OrangeHRMTest-1] INFO  BaseClass - webdriver is initalized
2025-04-23 23:32:12 [TestNG-test=OrangeHRMTest-1] TRACE BaseClass - This is a Trace message
2025-04-23 23:32:12 [TestNG-test=OrangeHRMTest-1] DEBUG BaseClass - This is a debug message
2025-04-23 23:32:12 [TestNG-test=OrangeHRMTest-1] WARN  BaseClass - This is a warm message
2025-04-23 23:32:12 [TestNG-test=OrangeHRMTest-1] INFO  BaseClass - ActionDriver initlialized for thread: 21
2025-04-23 23:32:12 [TestNG-test=OrangeHRMTest-4] INFO  BaseClass - webdriver is initalized
2025-04-23 23:32:12 [TestNG-test=OrangeHRMTest-4] TRACE BaseClass - This is a Trace message
2025-04-23 23:32:12 [TestNG-test=OrangeHRMTest-4] DEBUG BaseClass - This is a debug message
2025-04-23 23:32:12 [TestNG-test=OrangeHRMTest-4] WARN  BaseClass - This is a warm message
2025-04-23 23:32:12 [TestNG-test=OrangeHRMTest-4] INFO  BaseClass - ActionDriver initlialized for thread: 24
2025-04-23 23:32:12 [TestNG-test=OrangeHRMTest-2] INFO  BaseClass - webdriver is initalized
2025-04-23 23:32:12 [TestNG-test=OrangeHRMTest-2] TRACE BaseClass - This is a Trace message
2025-04-23 23:32:12 [TestNG-test=OrangeHRMTest-2] DEBUG BaseClass - This is a debug message
2025-04-23 23:32:12 [TestNG-test=OrangeHRMTest-2] WARN  BaseClass - This is a warm message
2025-04-23 23:32:12 [TestNG-test=OrangeHRMTest-2] INFO  BaseClass - ActionDriver initlialized for thread: 22
2025-04-23 23:32:13 [TestNG-test=OrangeHRMTest-3] INFO  ActionDriver - Entered text on Element with name: username-->admim
2025-04-23 23:32:13 [TestNG-test=OrangeHRMTest-2] INFO  BaseClass - WebDriver instance is closed.
2025-04-23 23:32:13 [TestNG-test=OrangeHRMTest-1] INFO  BaseClass - WebDriver instance is closed.
2025-04-23 23:32:13 [TestNG-test=OrangeHRMTest-4] INFO  ActionDriver - Entered text on Element with name: username-->admin
2025-04-23 23:32:13 [TestNG-test=OrangeHRMTest-3] INFO  ActionDriver - Entered text on Element with name: password-->admin
2025-04-23 23:32:13 [TestNG-test=OrangeHRMTest-4] INFO  ActionDriver - Entered text on Element with name: password-->admin123
2025-04-23 23:32:13 [TestNG-test=OrangeHRMTest-3] INFO  ActionDriver - clicked an element-->Element with text: Login
2025-04-23 23:32:13 [TestNG-test=OrangeHRMTest-4] INFO  ActionDriver - clicked an element-->Element with text: Login
2025-04-23 23:32:14 [TestNG-test=OrangeHRMTest-3] INFO  ActionDriver - Texts are matching:Invalid credentials not equalsInvalid credentials1
2025-04-23 23:32:15 [TestNG-test=OrangeHRMTest-4] INFO  ActionDriver - Element is displayed Element located using: By.xpath: //div[@class='oxd-brand-banner']//img
2025-04-23 23:32:15 [TestNG-test=OrangeHRMTest-3] INFO  BaseClass - WebDriver instance is closed.
2025-04-23 23:32:16 [TestNG-test=OrangeHRMTest-4] INFO  BaseClass - WebDriver instance is closed.
2025-04-23 23:32:17 [TestNG-test=OrangeHRMTest-3] INFO  BaseClass - ChromeDriver Instance is created.
2025-04-23 23:32:23 [TestNG-test=OrangeHRMTest-3] INFO  BaseClass - webdriver is initalized
2025-04-23 23:32:23 [TestNG-test=OrangeHRMTest-3] TRACE BaseClass - This is a Trace message
2025-04-23 23:32:23 [TestNG-test=OrangeHRMTest-3] DEBUG BaseClass - This is a debug message
2025-04-23 23:32:23 [TestNG-test=OrangeHRMTest-3] WARN  BaseClass - This is a warm message
2025-04-23 23:32:23 [TestNG-test=OrangeHRMTest-3] INFO  BaseClass - ActionDriver initlialized for thread: 23
2025-04-23 23:32:24 [TestNG-test=OrangeHRMTest-3] INFO  ActionDriver - Entered text on Element with name: username-->Admin
2025-04-23 23:32:24 [TestNG-test=OrangeHRMTest-3] INFO  ActionDriver - Entered text on Element with name: password-->admin123
2025-04-23 23:32:24 [TestNG-test=OrangeHRMTest-3] INFO  ActionDriver - clicked an element-->Element with text: Login
2025-04-23 23:32:25 [TestNG-test=OrangeHRMTest-3] INFO  ActionDriver - Element is displayed Element with text: Admin
2025-04-23 23:32:26 [TestNG-test=OrangeHRMTest-3] INFO  ActionDriver - clicked an element-->Element with text: manda user
2025-04-23 23:32:28 [TestNG-test=OrangeHRMTest-3] INFO  ActionDriver - clicked an element-->Element with text: Logout
2025-04-23 23:32:32 [TestNG-test=OrangeHRMTest-3] INFO  BaseClass - WebDriver instance is closed.
2025-04-28 18:03:00 [main] INFO  BaseClass - config.properties file loaded
2025-04-28 18:03:04 [TestNG-test=OrangeHRMTest-2] INFO  BaseClass - ChromeDriver Instance is created.
2025-04-28 18:03:04 [TestNG-test=OrangeHRMTest-1] INFO  BaseClass - ChromeDriver Instance is created.
2025-04-28 18:03:04 [TestNG-test=OrangeHRMTest-4] INFO  BaseClass - ChromeDriver Instance is created.
2025-04-28 18:03:07 [TestNG-test=OrangeHRMTest-3] INFO  BaseClass - ChromeDriver Instance is created.
2025-04-28 18:03:10 [TestNG-test=OrangeHRMTest-2] INFO  BaseClass - webdriver is initalized
2025-04-28 18:03:10 [TestNG-test=OrangeHRMTest-2] TRACE BaseClass - This is a Trace message
2025-04-28 18:03:10 [TestNG-test=OrangeHRMTest-2] DEBUG BaseClass - This is a debug message
2025-04-28 18:03:10 [TestNG-test=OrangeHRMTest-2] WARN  BaseClass - This is a warm message
2025-04-28 18:03:10 [TestNG-test=OrangeHRMTest-2] INFO  BaseClass - ActionDriver initlialized for thread: 23
2025-04-28 18:03:10 [TestNG-test=OrangeHRMTest-4] INFO  BaseClass - webdriver is initalized
2025-04-28 18:03:10 [TestNG-test=OrangeHRMTest-4] TRACE BaseClass - This is a Trace message
2025-04-28 18:03:10 [TestNG-test=OrangeHRMTest-4] DEBUG BaseClass - This is a debug message
2025-04-28 18:03:10 [TestNG-test=OrangeHRMTest-4] WARN  BaseClass - This is a warm message
2025-04-28 18:03:10 [TestNG-test=OrangeHRMTest-4] INFO  BaseClass - ActionDriver initlialized for thread: 25
2025-04-28 18:03:10 [TestNG-test=OrangeHRMTest-1] INFO  BaseClass - webdriver is initalized
2025-04-28 18:03:10 [TestNG-test=OrangeHRMTest-1] TRACE BaseClass - This is a Trace message
2025-04-28 18:03:10 [TestNG-test=OrangeHRMTest-1] DEBUG BaseClass - This is a debug message
2025-04-28 18:03:10 [TestNG-test=OrangeHRMTest-1] WARN  BaseClass - This is a warm message
2025-04-28 18:03:10 [TestNG-test=OrangeHRMTest-1] INFO  BaseClass - ActionDriver initlialized for thread: 22
2025-04-28 18:03:11 [TestNG-test=OrangeHRMTest-1] INFO  BaseClass - WebDriver instance is closed.
2025-04-28 18:03:11 [TestNG-test=OrangeHRMTest-2] INFO  BaseClass - WebDriver instance is closed.
2025-04-28 18:03:11 [TestNG-test=OrangeHRMTest-4] INFO  ActionDriver - Entered text on Element with name: username-->admin
2025-04-28 18:03:11 [TestNG-test=OrangeHRMTest-4] INFO  ActionDriver - Entered text on Element with name: password-->admin123
2025-04-28 18:03:13 [TestNG-test=OrangeHRMTest-4] INFO  ActionDriver - clicked an element-->Element with text: Login
2025-04-28 18:03:13 [TestNG-test=OrangeHRMTest-3] INFO  BaseClass - webdriver is initalized
2025-04-28 18:03:13 [TestNG-test=OrangeHRMTest-3] TRACE BaseClass - This is a Trace message
2025-04-28 18:03:13 [TestNG-test=OrangeHRMTest-3] DEBUG BaseClass - This is a debug message
2025-04-28 18:03:13 [TestNG-test=OrangeHRMTest-3] WARN  BaseClass - This is a warm message
2025-04-28 18:03:13 [TestNG-test=OrangeHRMTest-3] INFO  BaseClass - ActionDriver initlialized for thread: 24
2025-04-28 18:03:13 [TestNG-test=OrangeHRMTest-3] INFO  ActionDriver - Entered text on Element with name: username-->admim
2025-04-28 18:03:13 [TestNG-test=OrangeHRMTest-3] INFO  ActionDriver - Entered text on Element with name: password-->admin
2025-04-28 18:03:13 [TestNG-test=OrangeHRMTest-4] INFO  ActionDriver - Element is displayed Element located using: By.xpath: //div[@class='oxd-brand-banner']//img
2025-04-28 18:03:13 [TestNG-test=OrangeHRMTest-3] INFO  ActionDriver - clicked an element-->Element with text: Login
2025-04-28 18:03:14 [TestNG-test=OrangeHRMTest-4] INFO  BaseClass - WebDriver instance is closed.
2025-04-28 18:03:14 [TestNG-test=OrangeHRMTest-3] INFO  ActionDriver - Texts are matching:Invalid credentials equalsInvalid credentials
2025-04-28 18:03:15 [TestNG-test=OrangeHRMTest-3] INFO  BaseClass - WebDriver instance is closed.
2025-04-28 18:03:16 [TestNG-test=OrangeHRMTest-3] INFO  BaseClass - ChromeDriver Instance is created.
2025-04-28 18:03:22 [TestNG-test=OrangeHRMTest-3] INFO  BaseClass - webdriver is initalized
2025-04-28 18:03:22 [TestNG-test=OrangeHRMTest-3] TRACE BaseClass - This is a Trace message
2025-04-28 18:03:22 [TestNG-test=OrangeHRMTest-3] DEBUG BaseClass - This is a debug message
2025-04-28 18:03:22 [TestNG-test=OrangeHRMTest-3] WARN  BaseClass - This is a warm message
2025-04-28 18:03:22 [TestNG-test=OrangeHRMTest-3] INFO  BaseClass - ActionDriver initlialized for thread: 24
2025-04-28 18:03:22 [TestNG-test=OrangeHRMTest-3] INFO  ActionDriver - Entered text on Element with name: username-->Admin
2025-04-28 18:03:22 [TestNG-test=OrangeHRMTest-3] INFO  ActionDriver - Entered text on Element with name: password-->admin123
2025-04-28 18:03:22 [TestNG-test=OrangeHRMTest-3] INFO  ActionDriver - clicked an element-->Element with text: Login
2025-04-28 18:03:24 [TestNG-test=OrangeHRMTest-3] INFO  ActionDriver - Element is displayed Element with text: Admin
2025-04-28 18:03:24 [TestNG-test=OrangeHRMTest-3] INFO  ActionDriver - clicked an element-->Element with text: Thiago Kuninari
2025-04-28 18:03:26 [TestNG-test=OrangeHRMTest-3] INFO  ActionDriver - clicked an element-->Element located using: By.xpath: //a[text()='Logout']
2025-04-28 18:03:29 [TestNG-test=OrangeHRMTest-3] INFO  BaseClass - WebDriver instance is closed.
