2025-04-20 14:36:35 [main] ERROR BaseClass - This is a error message
2025-04-20 14:36:35 [main] FATAL BaseClass - This is a fatal message
2025-04-20 14:36:44 [main] ERROR BaseClass - This is a error message
2025-04-20 14:36:44 [main] FATAL BaseClass - This is a fatal message
2025-04-20 14:36:54 [main] ERROR BaseClass - This is a error message
2025-04-20 14:36:54 [main] FATAL BaseClass - This is a fatal message
2025-04-20 15:06:45 [main] ERROR BaseClass - This is a error message
2025-04-20 15:06:45 [main] FATAL BaseClass - This is a fatal message
2025-04-20 15:06:55 [main] ERROR BaseClass - This is a error message
2025-04-20 15:06:55 [main] FATAL BaseClass - This is a fatal message
2025-04-20 16:29:43 [main] ERROR BaseClass - This is a error message
2025-04-20 16:29:43 [main] FATAL BaseClass - This is a fatal message
2025-04-20 16:29:51 [main] ERROR BaseClass - This is a error message
2025-04-20 16:29:51 [main] FATAL BaseClass - This is a fatal message
2025-04-20 16:29:59 [main] ERROR BaseClass - This is a error message
2025-04-20 16:29:59 [main] FATAL BaseClass - This is a fatal message
2025-04-20 16:30:10 [main] ERROR BaseClass - This is a error message
2025-04-20 16:30:10 [main] FATAL BaseClass - This is a fatal message
2025-04-20 16:30:24 [main] ERROR BaseClass - This is a error message
2025-04-20 16:30:24 [main] FATAL BaseClass - This is a fatal message
2025-04-20 16:32:31 [main] ERROR BaseClass - This is a error message
2025-04-20 16:32:31 [main] FATAL BaseClass - This is a fatal message
2025-04-20 16:32:39 [main] ERROR BaseClass - This is a error message
2025-04-20 16:32:39 [main] FATAL BaseClass - This is a fatal message
2025-04-20 16:32:47 [main] ERROR BaseClass - This is a error message
2025-04-20 16:32:47 [main] FATAL BaseClass - This is a fatal message
2025-04-20 16:32:56 [main] ERROR BaseClass - This is a error message
2025-04-20 16:32:56 [main] FATAL BaseClass - This is a fatal message
2025-04-20 16:33:12 [main] ERROR BaseClass - This is a error message
2025-04-20 16:33:12 [main] FATAL BaseClass - This is a fatal message
2025-04-20 16:50:49 [TestNG-test=OrangeHRMTest-3] ERROR BaseClass - This is a error message
2025-04-20 16:50:49 [TestNG-test=OrangeHRMTest-1] ERROR BaseClass - This is a error message
2025-04-20 16:50:49 [TestNG-test=OrangeHRMTest-4] ERROR BaseClass - This is a error message
2025-04-20 16:50:49 [TestNG-test=OrangeHRMTest-4] FATAL BaseClass - This is a fatal message
2025-04-20 16:50:49 [TestNG-test=OrangeHRMTest-1] FATAL BaseClass - This is a fatal message
2025-04-20 16:50:49 [TestNG-test=OrangeHRMTest-3] FATAL BaseClass - This is a fatal message
2025-04-20 16:50:49 [TestNG-test=OrangeHRMTest-2] ERROR BaseClass - This is a error message
2025-04-20 16:50:49 [TestNG-test=OrangeHRMTest-2] FATAL BaseClass - This is a fatal message
2025-04-20 16:50:59 [TestNG-test=OrangeHRMTest-3] ERROR BaseClass - This is a error message
2025-04-20 16:50:59 [TestNG-test=OrangeHRMTest-3] FATAL BaseClass - This is a fatal message
2025-04-20 16:51:46 [TestNG-tests-1] ERROR BaseClass - This is a error message
2025-04-20 16:51:46 [TestNG-tests-1] FATAL BaseClass - This is a fatal message
2025-04-20 16:51:54 [TestNG-tests-1] ERROR BaseClass - This is a error message
2025-04-20 16:51:54 [TestNG-tests-1] FATAL BaseClass - This is a fatal message
2025-04-20 16:52:02 [TestNG-tests-1] ERROR BaseClass - This is a error message
2025-04-20 16:52:02 [TestNG-tests-1] FATAL BaseClass - This is a fatal message
2025-04-20 16:52:12 [TestNG-tests-1] ERROR BaseClass - This is a error message
2025-04-20 16:52:12 [TestNG-tests-1] FATAL BaseClass - This is a fatal message
2025-04-20 16:52:27 [TestNG-tests-1] ERROR BaseClass - This is a error message
2025-04-20 16:52:27 [TestNG-tests-1] FATAL BaseClass - This is a fatal message
2025-04-20 16:55:14 [TestNG-test=OrangeHRMTest-4] ERROR BaseClass - This is a error message
2025-04-20 16:55:14 [TestNG-test=OrangeHRMTest-5] ERROR BaseClass - This is a error message
2025-04-20 16:55:14 [TestNG-test=OrangeHRMTest-4] FATAL BaseClass - This is a fatal message
2025-04-20 16:55:14 [TestNG-test=OrangeHRMTest-5] FATAL BaseClass - This is a fatal message
2025-04-20 16:55:14 [TestNG-test=OrangeHRMTest-1] ERROR BaseClass - This is a error message
2025-04-20 16:55:14 [TestNG-test=OrangeHRMTest-1] FATAL BaseClass - This is a fatal message
2025-04-20 16:55:15 [TestNG-test=OrangeHRMTest-2] ERROR BaseClass - This is a error message
2025-04-20 16:55:15 [TestNG-test=OrangeHRMTest-2] FATAL BaseClass - This is a fatal message
2025-04-20 16:55:23 [TestNG-test=OrangeHRMTest-3] ERROR BaseClass - This is a error message
2025-04-20 16:55:23 [TestNG-test=OrangeHRMTest-3] FATAL BaseClass - This is a fatal message
2025-04-20 17:17:27 [TestNG-test=OrangeHRMTest-2] ERROR BaseClass - This is a error message
2025-04-20 17:17:27 [TestNG-test=OrangeHRMTest-2] FATAL BaseClass - This is a fatal message
2025-04-20 17:17:28 [TestNG-test=OrangeHRMTest-4] ERROR BaseClass - This is a error message
2025-04-20 17:17:28 [TestNG-test=OrangeHRMTest-4] FATAL BaseClass - This is a fatal message
2025-04-20 17:17:29 [TestNG-test=OrangeHRMTest-1] ERROR BaseClass - This is a error message
2025-04-20 17:17:29 [TestNG-test=OrangeHRMTest-1] FATAL BaseClass - This is a fatal message
2025-04-20 17:17:29 [TestNG-test=OrangeHRMTest-5] ERROR BaseClass - This is a error message
2025-04-20 17:17:29 [TestNG-test=OrangeHRMTest-5] FATAL BaseClass - This is a fatal message
2025-04-20 17:17:37 [TestNG-test=OrangeHRMTest-3] ERROR BaseClass - This is a error message
2025-04-20 17:17:37 [TestNG-test=OrangeHRMTest-3] FATAL BaseClass - This is a fatal message
2025-04-20 17:18:24 [TestNG-test=OrangeHRMTest-5] ERROR BaseClass - This is a error message
2025-04-20 17:18:24 [TestNG-test=OrangeHRMTest-5] FATAL BaseClass - This is a fatal message
2025-04-20 17:18:26 [TestNG-test=OrangeHRMTest-1] ERROR BaseClass - This is a error message
2025-04-20 17:18:26 [TestNG-test=OrangeHRMTest-1] FATAL BaseClass - This is a fatal message
2025-04-20 17:18:26 [TestNG-test=OrangeHRMTest-2] ERROR BaseClass - This is a error message
2025-04-20 17:18:26 [TestNG-test=OrangeHRMTest-2] FATAL BaseClass - This is a fatal message
2025-04-20 17:18:26 [TestNG-test=OrangeHRMTest-3] ERROR BaseClass - This is a error message
2025-04-20 17:18:26 [TestNG-test=OrangeHRMTest-3] FATAL BaseClass - This is a fatal message
2025-04-20 17:18:35 [TestNG-test=OrangeHRMTest-4] ERROR BaseClass - This is a error message
2025-04-20 17:18:35 [TestNG-test=OrangeHRMTest-4] FATAL BaseClass - This is a fatal message
2025-04-20 17:19:57 [TestNG-test=OrangeHRMTest-1] ERROR BaseClass - This is a error message
2025-04-20 17:19:57 [TestNG-test=OrangeHRMTest-1] FATAL BaseClass - This is a fatal message
2025-04-20 17:20:21 [TestNG-test=OrangeHRMTest-3] ERROR BaseClass - This is a error message
2025-04-20 17:20:21 [TestNG-test=OrangeHRMTest-3] FATAL BaseClass - This is a fatal message
2025-04-20 17:22:50 [TestNG-test=OrangeHRMTest-3] ERROR BaseClass - This is a error message
2025-04-20 17:22:50 [TestNG-test=OrangeHRMTest-3] FATAL BaseClass - This is a fatal message
2025-04-20 17:22:50 [TestNG-test=OrangeHRMTest-4] ERROR BaseClass - This is a error message
2025-04-20 17:22:50 [TestNG-test=OrangeHRMTest-4] FATAL BaseClass - This is a fatal message
2025-04-20 17:22:50 [TestNG-test=OrangeHRMTest-1] ERROR BaseClass - This is a error message
2025-04-20 17:22:50 [TestNG-test=OrangeHRMTest-1] FATAL BaseClass - This is a fatal message
2025-04-20 17:22:50 [TestNG-test=OrangeHRMTest-2] ERROR BaseClass - This is a error message
2025-04-20 17:22:50 [TestNG-test=OrangeHRMTest-2] FATAL BaseClass - This is a fatal message
2025-04-20 17:23:02 [TestNG-test=OrangeHRMTest-3] ERROR BaseClass - This is a error message
2025-04-20 17:23:02 [TestNG-test=OrangeHRMTest-3] FATAL BaseClass - This is a fatal message
2025-04-23 23:02:24 [TestNG-test=OrangeHRMTest-1] ERROR BaseClass - This is a error message
2025-04-23 23:02:24 [TestNG-test=OrangeHRMTest-1] FATAL BaseClass - This is a fatal message
2025-04-23 23:02:24 [TestNG-test=OrangeHRMTest-3] ERROR BaseClass - This is a error message
2025-04-23 23:02:24 [TestNG-test=OrangeHRMTest-3] FATAL BaseClass - This is a fatal message
2025-04-23 23:02:24 [TestNG-test=OrangeHRMTest-2] ERROR BaseClass - This is a error message
2025-04-23 23:02:24 [TestNG-test=OrangeHRMTest-2] FATAL BaseClass - This is a fatal message
2025-04-23 23:02:24 [TestNG-test=OrangeHRMTest-4] ERROR BaseClass - This is a error message
2025-04-23 23:02:24 [TestNG-test=OrangeHRMTest-4] FATAL BaseClass - This is a fatal message
2025-04-23 23:02:34 [TestNG-test=OrangeHRMTest-3] ERROR BaseClass - This is a error message
2025-04-23 23:02:34 [TestNG-test=OrangeHRMTest-3] FATAL BaseClass - This is a fatal message
2025-04-23 23:09:28 [TestNG-test=OrangeHRMTest-4] ERROR BaseClass - This is a error message
2025-04-23 23:09:28 [TestNG-test=OrangeHRMTest-4] FATAL BaseClass - This is a fatal message
2025-04-23 23:09:28 [TestNG-test=OrangeHRMTest-2] ERROR BaseClass - This is a error message
2025-04-23 23:09:28 [TestNG-test=OrangeHRMTest-2] FATAL BaseClass - This is a fatal message
2025-04-23 23:09:28 [TestNG-test=OrangeHRMTest-3] ERROR BaseClass - This is a error message
2025-04-23 23:09:28 [TestNG-test=OrangeHRMTest-3] FATAL BaseClass - This is a fatal message
2025-04-23 23:09:28 [TestNG-test=OrangeHRMTest-1] ERROR BaseClass - This is a error message
2025-04-23 23:09:28 [TestNG-test=OrangeHRMTest-1] FATAL BaseClass - This is a fatal message
2025-04-23 23:09:38 [TestNG-test=OrangeHRMTest-3] ERROR BaseClass - This is a error message
2025-04-23 23:09:38 [TestNG-test=OrangeHRMTest-3] FATAL BaseClass - This is a fatal message
2025-04-23 23:13:14 [TestNG-test=OrangeHRMTest-2] ERROR BaseClass - This is a error message
2025-04-23 23:13:14 [TestNG-test=OrangeHRMTest-2] FATAL BaseClass - This is a fatal message
2025-04-23 23:13:14 [TestNG-test=OrangeHRMTest-3] ERROR BaseClass - This is a error message
2025-04-23 23:13:14 [TestNG-test=OrangeHRMTest-3] FATAL BaseClass - This is a fatal message
2025-04-23 23:13:14 [TestNG-test=OrangeHRMTest-1] ERROR BaseClass - This is a error message
2025-04-23 23:13:14 [TestNG-test=OrangeHRMTest-1] FATAL BaseClass - This is a fatal message
2025-04-23 23:13:14 [TestNG-test=OrangeHRMTest-4] ERROR BaseClass - This is a error message
2025-04-23 23:13:14 [TestNG-test=OrangeHRMTest-4] FATAL BaseClass - This is a fatal message
2025-04-23 23:15:32 [TestNG-test=OrangeHRMTest-1] ERROR BaseClass - This is a error message
2025-04-23 23:15:32 [TestNG-test=OrangeHRMTest-1] FATAL BaseClass - This is a fatal message
2025-04-23 23:15:32 [TestNG-test=OrangeHRMTest-2] ERROR BaseClass - This is a error message
2025-04-23 23:15:32 [TestNG-test=OrangeHRMTest-2] FATAL BaseClass - This is a fatal message
2025-04-23 23:15:32 [TestNG-test=OrangeHRMTest-3] ERROR BaseClass - This is a error message
2025-04-23 23:15:32 [TestNG-test=OrangeHRMTest-3] FATAL BaseClass - This is a fatal message
2025-04-23 23:15:32 [TestNG-test=OrangeHRMTest-4] ERROR BaseClass - This is a error message
2025-04-23 23:15:32 [TestNG-test=OrangeHRMTest-4] FATAL BaseClass - This is a fatal message
2025-04-23 23:17:03 [TestNG-test=OrangeHRMTest-1] ERROR BaseClass - This is a error message
2025-04-23 23:17:03 [TestNG-test=OrangeHRMTest-1] FATAL BaseClass - This is a fatal message
2025-04-23 23:17:03 [TestNG-test=OrangeHRMTest-4] ERROR BaseClass - This is a error message
2025-04-23 23:17:03 [TestNG-test=OrangeHRMTest-4] FATAL BaseClass - This is a fatal message
2025-04-23 23:17:03 [TestNG-test=OrangeHRMTest-3] ERROR BaseClass - This is a error message
2025-04-23 23:17:03 [TestNG-test=OrangeHRMTest-3] FATAL BaseClass - This is a fatal message
2025-04-23 23:17:03 [TestNG-test=OrangeHRMTest-2] ERROR BaseClass - This is a error message
2025-04-23 23:17:03 [TestNG-test=OrangeHRMTest-2] FATAL BaseClass - This is a fatal message
2025-04-23 23:17:13 [TestNG-test=OrangeHRMTest-3] ERROR BaseClass - This is a error message
2025-04-23 23:17:13 [TestNG-test=OrangeHRMTest-3] FATAL BaseClass - This is a fatal message
2025-04-23 23:19:29 [TestNG-test=OrangeHRMTest-4] ERROR BaseClass - This is a error message
2025-04-23 23:19:29 [TestNG-test=OrangeHRMTest-4] FATAL BaseClass - This is a fatal message
2025-04-23 23:19:29 [TestNG-test=OrangeHRMTest-3] ERROR BaseClass - This is a error message
2025-04-23 23:19:29 [TestNG-test=OrangeHRMTest-3] FATAL BaseClass - This is a fatal message
2025-04-23 23:19:29 [TestNG-test=OrangeHRMTest-2] ERROR BaseClass - This is a error message
2025-04-23 23:19:29 [TestNG-test=OrangeHRMTest-2] FATAL BaseClass - This is a fatal message
2025-04-23 23:19:29 [TestNG-test=OrangeHRMTest-1] ERROR BaseClass - This is a error message
2025-04-23 23:19:30 [TestNG-test=OrangeHRMTest-1] FATAL BaseClass - This is a fatal message
2025-04-23 23:19:39 [TestNG-test=OrangeHRMTest-3] ERROR BaseClass - This is a error message
2025-04-23 23:19:39 [TestNG-test=OrangeHRMTest-3] FATAL BaseClass - This is a fatal message
2025-04-23 23:24:46 [TestNG-test=OrangeHRMTest-4] ERROR BaseClass - This is a error message
2025-04-23 23:24:46 [TestNG-test=OrangeHRMTest-4] FATAL BaseClass - This is a fatal message
2025-04-23 23:24:46 [TestNG-test=OrangeHRMTest-3] ERROR BaseClass - This is a error message
2025-04-23 23:24:46 [TestNG-test=OrangeHRMTest-3] FATAL BaseClass - This is a fatal message
2025-04-23 23:24:46 [TestNG-test=OrangeHRMTest-2] ERROR BaseClass - This is a error message
2025-04-23 23:24:46 [TestNG-test=OrangeHRMTest-2] FATAL BaseClass - This is a fatal message
2025-04-23 23:24:46 [TestNG-test=OrangeHRMTest-1] ERROR BaseClass - This is a error message
2025-04-23 23:24:46 [TestNG-test=OrangeHRMTest-1] FATAL BaseClass - This is a fatal message
2025-04-23 23:25:00 [TestNG-test=OrangeHRMTest-3] ERROR BaseClass - This is a error message
2025-04-23 23:25:00 [TestNG-test=OrangeHRMTest-3] FATAL BaseClass - This is a fatal message
2025-04-23 23:28:49 [TestNG-test=OrangeHRMTest-4] ERROR BaseClass - This is a error message
2025-04-23 23:28:49 [TestNG-test=OrangeHRMTest-4] FATAL BaseClass - This is a fatal message
2025-04-23 23:28:49 [TestNG-test=OrangeHRMTest-2] ERROR BaseClass - This is a error message
2025-04-23 23:28:49 [TestNG-test=OrangeHRMTest-2] FATAL BaseClass - This is a fatal message
2025-04-23 23:28:49 [TestNG-test=OrangeHRMTest-3] ERROR BaseClass - This is a error message
2025-04-23 23:28:49 [TestNG-test=OrangeHRMTest-3] FATAL BaseClass - This is a fatal message
2025-04-23 23:28:49 [TestNG-test=OrangeHRMTest-1] ERROR BaseClass - This is a error message
2025-04-23 23:28:49 [TestNG-test=OrangeHRMTest-1] FATAL BaseClass - This is a fatal message
2025-04-23 23:29:01 [TestNG-test=OrangeHRMTest-3] ERROR BaseClass - This is a error message
2025-04-23 23:29:01 [TestNG-test=OrangeHRMTest-3] FATAL BaseClass - This is a fatal message
2025-04-23 23:32:12 [TestNG-test=OrangeHRMTest-3] ERROR BaseClass - This is a error message
2025-04-23 23:32:12 [TestNG-test=OrangeHRMTest-3] FATAL BaseClass - This is a fatal message
2025-04-23 23:32:12 [TestNG-test=OrangeHRMTest-1] ERROR BaseClass - This is a error message
2025-04-23 23:32:12 [TestNG-test=OrangeHRMTest-1] FATAL BaseClass - This is a fatal message
2025-04-23 23:32:12 [TestNG-test=OrangeHRMTest-4] ERROR BaseClass - This is a error message
2025-04-23 23:32:12 [TestNG-test=OrangeHRMTest-4] FATAL BaseClass - This is a fatal message
2025-04-23 23:32:12 [TestNG-test=OrangeHRMTest-2] ERROR BaseClass - This is a error message
2025-04-23 23:32:12 [TestNG-test=OrangeHRMTest-2] FATAL BaseClass - This is a fatal message
2025-04-23 23:32:23 [TestNG-test=OrangeHRMTest-3] ERROR BaseClass - This is a error message
2025-04-23 23:32:23 [TestNG-test=OrangeHRMTest-3] FATAL BaseClass - This is a fatal message
2025-04-28 18:03:10 [TestNG-test=OrangeHRMTest-2] ERROR BaseClass - This is a error message
2025-04-28 18:03:10 [TestNG-test=OrangeHRMTest-2] FATAL BaseClass - This is a fatal message
2025-04-28 18:03:10 [TestNG-test=OrangeHRMTest-4] ERROR BaseClass - This is a error message
2025-04-28 18:03:10 [TestNG-test=OrangeHRMTest-4] FATAL BaseClass - This is a fatal message
2025-04-28 18:03:10 [TestNG-test=OrangeHRMTest-1] ERROR BaseClass - This is a error message
2025-04-28 18:03:10 [TestNG-test=OrangeHRMTest-1] FATAL BaseClass - This is a fatal message
2025-04-28 18:03:13 [TestNG-test=OrangeHRMTest-3] ERROR BaseClass - This is a error message
2025-04-28 18:03:13 [TestNG-test=OrangeHRMTest-3] FATAL BaseClass - This is a fatal message
2025-04-28 18:03:22 [TestNG-test=OrangeHRMTest-3] ERROR BaseClass - This is a error message
2025-04-28 18:03:22 [TestNG-test=OrangeHRMTest-3] FATAL BaseClass - This is a fatal message
